[DEBUG] 2018-12-13 00:37:36.200 [main] GenericDAO - Searching for entity with event_userid = pot3@gmail.com
[DEBUG] 2018-12-13 00:37:36.200 [main] GenericDAO - Searching for entity with description = knigh
[DEBUG] 2018-12-13 00:37:36.575 [main] GenericDAO - Get list by property like [EventBean{event_id=3, event_userid='tpot3@gmail.com', description='tim knight', event_date=2017-10-10, event_fee=15}]
[DEBUG] 2018-12-13 00:37:36.591 [main] GenericDAO - Searching for entity with event_userid = pot33@gmail.com
[DEBUG] 2018-12-13 00:37:36.591 [main] GenericDAO - Searching for entity with description = knigh
[DEBUG] 2018-12-13 00:37:36.591 [main] GenericDAO - Get list by property like []
[DEBUG] 2018-12-13 00:37:36.700 [main] GenericDAO - Get entity by Id : EventBean{event_id=3, event_userid='tpot3@gmail.com', description='tim knight', event_date=2017-10-10, event_fee=15}
[DEBUG] 2018-12-13 00:37:36.716 [main] GenericDAO - Deleted entity EventBean{event_id=3, event_userid='tpot3@gmail.com', description='tim knight', event_date=2017-10-10, event_fee=15}
[DEBUG] 2018-12-13 00:37:36.747 [main] GenericDAO - Get entity by Id : null
[DEBUG] 2018-12-13 00:37:36.794 [main] GenericDAO - Searching for entity with event_userid = tpot1@gmail.com
[DEBUG] 2018-12-13 00:37:36.809 [main] GenericDAO - Get unique entity EventBean{event_id=1, event_userid='tpot1@gmail.com', description='event 1', event_date=2018-09-10, event_fee=15}
[DEBUG] 2018-12-13 00:37:36.902 [main] GenericDAO - Get all rows from entity : [EventBean{event_id=1, event_userid='tpot1@gmail.com', description='event 1', event_date=2018-09-10, event_fee=15}, EventBean{event_id=2, event_userid='tpot2@gmail.com', description='kool aid', event_date=2018-01-10, event_fee=15}, EventBean{event_id=3, event_userid='tpot3@gmail.com', description='tim knight', event_date=2017-10-10, event_fee=15}]
[DEBUG] 2018-12-13 00:37:36.948 [main] GenericDAO - Searching for entity with event_userid = tpot2@gmail.com
[DEBUG] 2018-12-13 00:37:36.999 [main] GenericDAO - Searching for Entity with description = %knigh%
[DEBUG] 2018-12-13 00:37:37.015 [main] GenericDAO - Get list by property like [EventBean{event_id=3, event_userid='tpot3@gmail.com', description='tim knight', event_date=2017-10-10, event_fee=15}]
[DEBUG] 2018-12-13 00:37:37.015 [main] GenericDAO - Searching for Entity with event_userid = %tpot3@gmail.com%
[DEBUG] 2018-12-13 00:37:37.031 [main] GenericDAO - Get list by property like [EventBean{event_id=3, event_userid='tpot3@gmail.com', description='tim knight', event_date=2017-10-10, event_fee=15}]
[DEBUG] 2018-12-13 00:37:37.031 [main] GenericDAO - Searching for Entity with event_userid = %tpot33@gmail.com%
[DEBUG] 2018-12-13 00:37:37.046 [main] GenericDAO - Get list by property like []
[DEBUG] 2018-12-13 00:37:37.093 [main] GenericDAO - Get entity by Id : EventBean{event_id=1, event_userid='tpot1@gmail.com', description='event 1', event_date=2018-09-10, event_fee=15}
[DEBUG] 2018-12-13 00:37:37.156 [main] GenericDAO - Get entity by Id : EventBean{event_id=1, event_userid='tpot1@gmail.com', description='event 1', event_date=2018-09-10, event_fee=15}
[DEBUG] 2018-12-13 00:37:37.156 [main] GenericDAO - Save/update entity EventBean{event_id=1, event_userid='tpot1@gmail.com', description='Update Event to different event', event_date=2018-03-13, event_fee=15}
[DEBUG] 2018-12-13 00:37:37.171 [main] GenericDAO - Get entity by Id : EventBean{event_id=1, event_userid='tpot1@gmail.com', description='Update Event to different event', event_date=2018-03-13, event_fee=15}
[DEBUG] 2018-12-13 00:37:37.265 [main] GenericDAO - Insert entity EventBean{event_id=28, event_userid='tpot4@gmail.com', description='event 4', event_date=2018-09-10, event_fee=15.9900000000000002131628207280300557613372802734375}
[DEBUG] 2018-12-13 00:37:37.281 [main] GenericDAO - Get entity by Id : EventBean{event_id=28, event_userid='tpot4@gmail.com', description='event 4', event_date=2018-09-10, event_fee=16}
[DEBUG] 2018-12-13 00:37:37.343 [main] GenericDAO - Get entity by Id : UserBean{id=5, username='shelm@hotmail.com', status='active', password='password2', firstname='stacy', lastname='helm', middlename='s', dateofbirth=1977-06-13, address='237 main st', state='wi', zipcode='77583', phone='608-999-8722'}
[DEBUG] 2018-12-13 00:37:37.343 [main] GenericDAO - Deleted entity UserBean{id=5, username='shelm@hotmail.com', status='active', password='password2', firstname='stacy', lastname='helm', middlename='s', dateofbirth=1977-06-13, address='237 main st', state='wi', zipcode='77583', phone='608-999-8722'}
[DEBUG] 2018-12-13 00:37:37.359 [main] GenericDAO - Get entity by Id : null
[DEBUG] 2018-12-13 00:37:37.406 [main] GenericDAO - Searching for entity with username = kyang@hotmail.com
[DEBUG] 2018-12-13 00:37:37.421 [main] GenericDAO - Get unique entity UserBean{id=1, username='kyang@hotmail.com', status='active', password='password1', firstname='kia', lastname='yang', middlename='ll', dateofbirth=9999-12-31, address='123 windsor st', state='ca', zipcode='53537', phone='6088888788'}
[DEBUG] 2018-12-13 00:37:37.530 [main] GenericDAO - Get all rows from entity : [UserBean{id=1, username='kyang@hotmail.com', status='active', password='password1', firstname='kia', lastname='yang', middlename='ll', dateofbirth=9999-12-31, address='123 windsor st', state='ca', zipcode='53537', phone='6088888788'}, UserBean{id=2, username='rtango@hotmail.com', status='active', password='password2', firstname='randy', lastname='tangelo', middlename='s', dateofbirth=1970-06-10, address='523 main st', state='wi', zipcode='53583', phone='608-999-8700'}, UserBean{id=3, username='mjones@hotmail.com', status='inactive', password='password3', firstname='mary', lastname='jones', middlename='s', dateofbirth=1974-09-18, address='766 main st', state='wi', zipcode='53590', phone='608-997-8755'}, UserBean{id=4, username='kterry@hotmail.com', status='inactive', password='password4', firstname='kerry', lastname='terry', middlename='s', dateofbirth=1977-05-08, address='339 main st', state='wi', zipcode='53599-5402', phone='608-997-8755'}, UserBean{id=5, username='shelm@hotmail.com', status='active', password='password2', firstname='stacy', lastname='helm', middlename='s', dateofbirth=1977-06-13, address='237 main st', state='wi', zipcode='77583', phone='608-999-8722'}, UserBean{id=8, username='tpot1@gmail.com', status='active', password='password1', firstname='tee', lastname='pot', middlename='ds', dateofbirth=1998-01-01, address='555 main st', state='wi', zipcode='535390', phone='5555555'}, UserBean{id=9, username='tpot2@gmail.com', status='active', password='password1', firstname='tee', lastname='pot', middlename='ds', dateofbirth=1998-01-01, address='555 main st', state='wi', zipcode='535390', phone='5555555'}, UserBean{id=10, username='tpot3@gmail.com', status='new', password='password1', firstname='tee', lastname='pot', middlename='ds', dateofbirth=1998-01-01, address='555 main st', state='wi', zipcode='535390', phone='5555555'}, UserBean{id=11, username='tpot4@gmail.com', status='new', password='password1', firstname='tee', lastname='pot', middlename='ds', dateofbirth=1998-01-01, address='555 main st', state='wi', zipcode='535390', phone='5555555'}, UserBean{id=12, username='tpot5@gmail.com', status='new', password='password1', firstname='tee', lastname='pot', middlename='ds', dateofbirth=1998-01-01, address='555 main st', state='wi', zipcode='535390', phone='5555555'}, UserBean{id=13, username='tpot6@gmail.com', status='new', password='password1', firstname='tee', lastname='pot', middlename='ds', dateofbirth=1998-01-01, address='555 main st', state='wi', zipcode='535390', phone='5555555'}, UserBean{id=14, username='tpot7@gmail.com', status='new', password='password1', firstname='tee', lastname='pot', middlename='ds', dateofbirth=1998-01-01, address='555 main st', state='wi', zipcode='535390', phone='5555555'}, UserBean{id=15, username='tpot8@gmail.com', status='new', password='password1', firstname='tee', lastname='pot', middlename='ds', dateofbirth=1998-01-01, address='555 main st', state='wi', zipcode='535390', phone='5555555'}]
[DEBUG] 2018-12-13 00:37:37.562 [main] GenericDAO - Searching for entity with firstname = kia
[DEBUG] 2018-12-13 00:37:37.624 [main] GenericDAO - Searching for Entity with lastname = %yang%
[DEBUG] 2018-12-13 00:37:37.640 [main] GenericDAO - Get list by property like [UserBean{id=1, username='kyang@hotmail.com', status='active', password='password1', firstname='kia', lastname='yang', middlename='ll', dateofbirth=9999-12-31, address='123 windsor st', state='ca', zipcode='53537', phone='6088888788'}]
[DEBUG] 2018-12-13 00:37:37.749 [main] GenericDAO - Get entity by Id : UserBean{id=1, username='kyang@hotmail.com', status='active', password='password1', firstname='kia', lastname='yang', middlename='ll', dateofbirth=9999-12-31, address='123 windsor st', state='ca', zipcode='53537', phone='6088888788'}
[DEBUG] 2018-12-13 00:37:37.796 [main] GenericDAO - Get entity by Id : UserBean{id=5, username='shelm@hotmail.com', status='active', password='password2', firstname='stacy', lastname='helm', middlename='s', dateofbirth=1977-06-13, address='237 main st', state='wi', zipcode='77583', phone='608-999-8722'}
[DEBUG] 2018-12-13 00:37:37.796 [main] GenericDAO - Save/update entity UserBean{id=5, username='shelm@hotmail.com', status='active', password='password2', firstname='stacy', lastname='Davis', middlename='s', dateofbirth=1977-06-13, address='237 main st', state='wi', zipcode='77583', phone='608-999-8722'}
[DEBUG] 2018-12-13 00:37:37.827 [main] GenericDAO - Get entity by Id : UserBean{id=5, username='shelm@hotmail.com', status='active', password='password2', firstname='stacy', lastname='Davis', middlename='s', dateofbirth=1977-06-13, address='237 main st', state='wi', zipcode='77583', phone='608-999-8722'}
[DEBUG] 2018-12-13 00:37:37.874 [main] GenericDAO - Insert entity UserBean{id=60, username='tmocha@gmail.com', status='active', password='password6', firstname='Tina', lastname='Mocha', middlename='L', dateofbirth=1968-01-01, address='34233 Sate St', state='WI', zipcode='24323', phone='6898889898'}
[DEBUG] 2018-12-13 00:37:37.874 [main] GenericDAO - Get entity by Id : UserBean{id=60, username='tmocha@gmail.com', status='active', password='password6', firstname='Tina', lastname='Mocha', middlename='L', dateofbirth=1968-01-01, address='34233 Sate St', state='WI', zipcode='24323', phone='6898889898'}
[DEBUG] 2018-12-13 00:37:37.940 [main] GenericDAO - Get entity by Id : UserRoleBean(id=5, userid=UserBean{id=5, username='shelm@hotmail.com', status='active', password='password2', firstname='stacy', lastname='helm', middlename='s', dateofbirth=1977-06-13, address='237 main st', state='wi', zipcode='77583', phone='608-999-8722'}, username=shelm@hotmail.com, userRole=member)
[DEBUG] 2018-12-13 00:37:37.942 [main] GenericDAO - Deleted entity UserRoleBean(id=5, userid=UserBean{id=5, username='shelm@hotmail.com', status='active', password='password2', firstname='stacy', lastname='helm', middlename='s', dateofbirth=1977-06-13, address='237 main st', state='wi', zipcode='77583', phone='608-999-8722'}, username=shelm@hotmail.com, userRole=member)
[DEBUG] 2018-12-13 00:37:37.956 [main] GenericDAO - Get entity by Id : null
[DEBUG] 2018-12-13 00:37:37.997 [main] GenericDAO - Searching for entity with username = kyang@hotmail.com
[DEBUG] 2018-12-13 00:37:38.013 [main] GenericDAO - Get unique entity UserRoleBean(id=1, userid=UserBean{id=1, username='kyang@hotmail.com', status='active', password='password1', firstname='kia', lastname='yang', middlename='ll', dateofbirth=9999-12-31, address='123 windsor st', state='ca', zipcode='53537', phone='6088888788'}, username=kyang@hotmail.com, userRole=admin)
[DEBUG] 2018-12-13 00:37:38.059 [main] GenericDAO - Insert entity UserRoleBean(id=38, userid=UserBean{id=61, username='kyang1@hotmail.com', status='active', password='password1', firstname='kia', lastname='yang', middlename='s', dateofbirth=1973-08-05, address='123 main st', state='wi', zipcode='53533', phone='608-888-8788'}, username=kyang1@hotmail.com, userRole=admin)
[DEBUG] 2018-12-13 00:37:38.075 [main] GenericDAO - Get entity by Id : UserRoleBean(id=38, userid=UserBean{id=61, username='kyang1@hotmail.com', status='active', password='password1', firstname='kia', lastname='yang', middlename='s', dateofbirth=1973-08-05, address='123 main st', state='wi', zipcode='53533', phone='608-888-8788'}, username=kyang1@hotmail.com, userRole=admin)
[DEBUG] 2018-12-13 00:37:38.184 [main] GenericDAO - Get all rows from entity : [UserRoleBean(id=1, userid=UserBean{id=1, username='kyang@hotmail.com', status='active', password='password1', firstname='kia', lastname='yang', middlename='ll', dateofbirth=9999-12-31, address='123 windsor st', state='ca', zipcode='53537', phone='6088888788'}, username=kyang@hotmail.com, userRole=admin), UserRoleBean(id=2, userid=UserBean{id=2, username='rtango@hotmail.com', status='active', password='password2', firstname='randy', lastname='tangelo', middlename='s', dateofbirth=1970-06-10, address='523 main st', state='wi', zipcode='53583', phone='608-999-8700'}, username=rtango@hotmail.com, userRole=admin), UserRoleBean(id=3, userid=UserBean{id=3, username='mjones@hotmail.com', status='inactive', password='password3', firstname='mary', lastname='jones', middlename='s', dateofbirth=1974-09-18, address='766 main st', state='wi', zipcode='53590', phone='608-997-8755'}, username=mjones@hotmail.com, userRole=registered), UserRoleBean(id=4, userid=UserBean{id=4, username='kterry@hotmail.com', status='inactive', password='password4', firstname='kerry', lastname='terry', middlename='s', dateofbirth=1977-05-08, address='339 main st', state='wi', zipcode='53599-5402', phone='608-997-8755'}, username=kterry@hotmail.com, userRole=member), UserRoleBean(id=5, userid=UserBean{id=5, username='shelm@hotmail.com', status='active', password='password2', firstname='stacy', lastname='helm', middlename='s', dateofbirth=1977-06-13, address='237 main st', state='wi', zipcode='77583', phone='608-999-8722'}, username=shelm@hotmail.com, userRole=member), UserRoleBean(id=8, userid=UserBean{id=8, username='tpot1@gmail.com', status='active', password='password1', firstname='tee', lastname='pot', middlename='ds', dateofbirth=1998-01-01, address='555 main st', state='wi', zipcode='535390', phone='5555555'}, username=tpot1@gmail.com, userRole=member), UserRoleBean(id=9, userid=UserBean{id=9, username='tpot2@gmail.com', status='active', password='password1', firstname='tee', lastname='pot', middlename='ds', dateofbirth=1998-01-01, address='555 main st', state='wi', zipcode='535390', phone='5555555'}, username=tpot2@gmail.com, userRole=member), UserRoleBean(id=10, userid=UserBean{id=10, username='tpot3@gmail.com', status='new', password='password1', firstname='tee', lastname='pot', middlename='ds', dateofbirth=1998-01-01, address='555 main st', state='wi', zipcode='535390', phone='5555555'}, username=tpot3@gmail.com, userRole=register), UserRoleBean(id=11, userid=UserBean{id=11, username='tpot4@gmail.com', status='new', password='password1', firstname='tee', lastname='pot', middlename='ds', dateofbirth=1998-01-01, address='555 main st', state='wi', zipcode='535390', phone='5555555'}, username=tpot4@gmail.com, userRole=register), UserRoleBean(id=12, userid=UserBean{id=12, username='tpot5@gmail.com', status='new', password='password1', firstname='tee', lastname='pot', middlename='ds', dateofbirth=1998-01-01, address='555 main st', state='wi', zipcode='535390', phone='5555555'}, username=tpot5@gmail.com, userRole=register), UserRoleBean(id=13, userid=UserBean{id=13, username='tpot6@gmail.com', status='new', password='password1', firstname='tee', lastname='pot', middlename='ds', dateofbirth=1998-01-01, address='555 main st', state='wi', zipcode='535390', phone='5555555'}, username=tpot6@gmail.com, userRole=register), UserRoleBean(id=14, userid=UserBean{id=14, username='tpot7@gmail.com', status='new', password='password1', firstname='tee', lastname='pot', middlename='ds', dateofbirth=1998-01-01, address='555 main st', state='wi', zipcode='535390', phone='5555555'}, username=tpot7@gmail.com, userRole=register), UserRoleBean(id=15, userid=UserBean{id=15, username='tpot8@gmail.com', status='new', password='password1', firstname='tee', lastname='pot', middlename='ds', dateofbirth=1998-01-01, address='555 main st', state='wi', zipcode='535390', phone='5555555'}, username=tpot8@gmail.com, userRole=register)]
[DEBUG] 2018-12-13 00:37:38.250 [main] GenericDAO - Searching for entity with username = kyang@hotmail.com
[DEBUG] 2018-12-13 00:37:38.297 [main] GenericDAO - Searching for Entity with userRole = %member%
[DEBUG] 2018-12-13 00:37:38.312 [main] GenericDAO - Get list by property like [UserRoleBean(id=4, userid=UserBean{id=4, username='kterry@hotmail.com', status='inactive', password='password4', firstname='kerry', lastname='terry', middlename='s', dateofbirth=1977-05-08, address='339 main st', state='wi', zipcode='53599-5402', phone='608-997-8755'}, username=kterry@hotmail.com, userRole=member), UserRoleBean(id=5, userid=UserBean{id=5, username='shelm@hotmail.com', status='active', password='password2', firstname='stacy', lastname='helm', middlename='s', dateofbirth=1977-06-13, address='237 main st', state='wi', zipcode='77583', phone='608-999-8722'}, username=shelm@hotmail.com, userRole=member), UserRoleBean(id=8, userid=UserBean{id=8, username='tpot1@gmail.com', status='active', password='password1', firstname='tee', lastname='pot', middlename='ds', dateofbirth=1998-01-01, address='555 main st', state='wi', zipcode='535390', phone='5555555'}, username=tpot1@gmail.com, userRole=member), UserRoleBean(id=9, userid=UserBean{id=9, username='tpot2@gmail.com', status='active', password='password1', firstname='tee', lastname='pot', middlename='ds', dateofbirth=1998-01-01, address='555 main st', state='wi', zipcode='535390', phone='5555555'}, username=tpot2@gmail.com, userRole=member)]
[DEBUG] 2018-12-13 00:37:38.375 [main] GenericDAO - Get entity by Id : UserRoleBean(id=1, userid=UserBean{id=1, username='kyang@hotmail.com', status='active', password='password1', firstname='kia', lastname='yang', middlename='ll', dateofbirth=9999-12-31, address='123 windsor st', state='ca', zipcode='53537', phone='6088888788'}, username=kyang@hotmail.com, userRole=admin)
[DEBUG] 2018-12-13 00:37:38.406 [main] GenericDAO - Searching for entity with username = kyang@hotmail.com
[DEBUG] 2018-12-13 00:37:38.437 [main] GenericDAO - Get entity by Id : UserRoleBean(id=1, userid=UserBean{id=1, username='kyang@hotmail.com', status='active', password='password1', firstname='kia', lastname='yang', middlename='ll', dateofbirth=9999-12-31, address='123 windsor st', state='ca', zipcode='53537', phone='6088888788'}, username=kyang@hotmail.com, userRole=admin)
[DEBUG] 2018-12-13 00:37:38.437 [main] GenericDAO - Save/update entity UserRoleBean(id=1, userid=UserBean{id=1, username='kyang@hotmail.com', status='active', password='password1', firstname='kia', lastname='yang', middlename='ll', dateofbirth=9999-12-31, address='123 windsor st', state='ca', zipcode='53537', phone='6088888788'}, username=kyang@hotmail.com, userRole=member)
[DEBUG] 2018-12-13 00:37:38.453 [main] GenericDAO - Get entity by Id : UserRoleBean(id=1, userid=UserBean{id=1, username='kyang@hotmail.com', status='active', password='password1', firstname='kia', lastname='yang', middlename='ll', dateofbirth=9999-12-31, address='123 windsor st', state='ca', zipcode='53537', phone='6088888788'}, username=kyang@hotmail.com, userRole=member)
[INFO ] 2018-12-13 00:38:24.053 [http-nio-8080-exec-9] SearchEventServlet - starting the Search Event Servlet
[INFO ] 2018-12-13 00:38:24.069 [http-nio-8080-exec-9] SearchEventServlet - Submit value: username  Search Term: 
[DEBUG] 2018-12-13 00:38:28.942 [http-nio-8080-exec-9] GenericDAO - Get all rows from entity : [EventBean{event_id=1, event_userid='tpot1@gmail.com', description='event 1', event_date=2018-09-10, event_fee=15}, EventBean{event_id=2, event_userid='tpot2@gmail.com', description='kool aid', event_date=2018-01-10, event_fee=15}, EventBean{event_id=3, event_userid='tpot3@gmail.com', description='tim knight', event_date=2017-10-10, event_fee=15}, EventBean{event_id=11, event_userid='tpot4@gmail.com', description='test event 4', event_date=2018-12-12, event_fee=17}, EventBean{event_id=12, event_userid='tpot6@gmail.com', description='test event 10', event_date=2018-04-18, event_fee=16}, EventBean{event_id=13, event_userid='tpot7@gmail.com', description='test event 10', event_date=1999-01-01, event_fee=16}]
[INFO ] 2018-12-13 00:38:28.942 [http-nio-8080-exec-9] SearchEventServlet - Event Size: 6
[INFO ] 2018-12-13 00:38:28.942 [http-nio-8080-exec-9] SearchEventServlet - Event Size > zero: 6
[INFO ] 2018-12-13 00:40:00.865 [http-nio-8080-exec-6] DeleteEventServlet - starting the Delete event servlet
[INFO ] 2018-12-13 00:40:00.865 [http-nio-8080-exec-6] DeleteEventServlet - email = tpot6@gmail.com
[DEBUG] 2018-12-13 00:40:00.865 [http-nio-8080-exec-6] GenericDAO - Searching for entity with event_userid = tpot6@gmail.com
[DEBUG] 2018-12-13 00:40:00.943 [http-nio-8080-exec-6] GenericDAO - Get unique entity EventBean{event_id=12, event_userid='tpot6@gmail.com', description='test event 10', event_date=2018-04-18, event_fee=16}
[INFO ] 2018-12-13 00:40:00.943 [http-nio-8080-exec-6] DeleteEventServlet - event = EventBean{event_id=12, event_userid='tpot6@gmail.com', description='test event 10', event_date=2018-04-18, event_fee=16}
[INFO ] 2018-12-13 00:40:00.943 [http-nio-8080-exec-6] DeleteEventServlet - Event Id = 12
[INFO ] 2018-12-13 00:40:00.943 [http-nio-8080-exec-6] DeleteEventServlet - Before Event Deleted Successfully!!
[INFO ] 2018-12-13 00:40:00.943 [http-nio-8080-exec-6] DeleteEventServlet - user.getId() = 12
[DEBUG] 2018-12-13 00:40:00.974 [http-nio-8080-exec-6] GenericDAO - Get entity by Id : EventBean{event_id=12, event_userid='tpot6@gmail.com', description='test event 10', event_date=2018-04-18, event_fee=16}
[DEBUG] 2018-12-13 00:40:01.006 [http-nio-8080-exec-6] GenericDAO - Deleted entity EventBean{event_id=12, event_userid='tpot6@gmail.com', description='test event 10', event_date=2018-04-18, event_fee=16}
[INFO ] 2018-12-13 00:40:01.068 [http-nio-8080-exec-6] DeleteEventServlet - After Event Deleted Successfully!!
[INFO ] 2018-12-13 00:40:20.990 [http-nio-8080-exec-4] SearchEventServlet - starting the Search Event Servlet
[INFO ] 2018-12-13 00:40:20.990 [http-nio-8080-exec-4] SearchEventServlet - Submit value: username  Search Term: 
[DEBUG] 2018-12-13 00:40:21.005 [http-nio-8080-exec-4] GenericDAO - Get all rows from entity : [EventBean{event_id=1, event_userid='tpot1@gmail.com', description='event 1', event_date=2018-09-10, event_fee=15}, EventBean{event_id=2, event_userid='tpot2@gmail.com', description='kool aid', event_date=2018-01-10, event_fee=15}, EventBean{event_id=3, event_userid='tpot3@gmail.com', description='tim knight', event_date=2017-10-10, event_fee=15}, EventBean{event_id=11, event_userid='tpot4@gmail.com', description='test event 4', event_date=2018-12-12, event_fee=17}, EventBean{event_id=13, event_userid='tpot7@gmail.com', description='test event 10', event_date=1999-01-01, event_fee=16}]
[INFO ] 2018-12-13 00:40:21.005 [http-nio-8080-exec-4] SearchEventServlet - Event Size: 5
[INFO ] 2018-12-13 00:40:21.005 [http-nio-8080-exec-4] SearchEventServlet - Event Size > zero: 5
[INFO ] 2018-12-13 00:40:56.896 [http-nio-8080-exec-3] SearchEventServlet - starting the Search Event Servlet
[INFO ] 2018-12-13 00:40:56.896 [http-nio-8080-exec-3] SearchEventServlet - Submit value: username  Search Term: tpot1@gmail.com
[INFO ] 2018-12-13 00:40:56.896 [http-nio-8080-exec-3] SearchEventServlet - Search by username!
[INFO ] 2018-12-13 00:40:56.896 [http-nio-8080-exec-3] SearchEventServlet - Submit value: username  Search Term: tpot1@gmail.com
[DEBUG] 2018-12-13 00:40:56.896 [http-nio-8080-exec-3] GenericDAO - Searching for entity with event_userid = tpot1@gmail.com
[INFO ] 2018-12-13 00:40:56.896 [http-nio-8080-exec-3] SearchEventServlet - Event found for User Id tpot1@gmail.comsize > 0
[INFO ] 2018-12-13 00:41:11.272 [http-nio-8080-exec-6] SearchEventServlet - starting the Search Event Servlet
[INFO ] 2018-12-13 00:41:11.272 [http-nio-8080-exec-6] SearchEventServlet - Submit value: username  Search Term: tpot1http://localhost:8080/indieProject/adminSearchEvent.jsp@gmail.com
[INFO ] 2018-12-13 00:41:11.272 [http-nio-8080-exec-6] SearchEventServlet - Search by username!
[INFO ] 2018-12-13 00:41:11.272 [http-nio-8080-exec-6] SearchEventServlet - Submit value: username  Search Term: tpot1http://localhost:8080/indieProject/adminSearchEvent.jsp@gmail.com
[DEBUG] 2018-12-13 00:41:11.272 [http-nio-8080-exec-6] GenericDAO - Searching for entity with event_userid = tpot1http://localhost:8080/indieProject/adminSearchEvent.jsp@gmail.com
[INFO ] 2018-12-13 00:41:11.272 [http-nio-8080-exec-6] SearchEventServlet - NO Event found for  tpot1http://localhost:8080/indieProject/adminSearchEvent.jsp@gmail.com
[INFO ] 2018-12-13 00:41:19.241 [http-nio-8080-exec-9] SearchEventServlet - starting the Search Event Servlet
[INFO ] 2018-12-13 00:41:19.241 [http-nio-8080-exec-9] SearchEventServlet - Submit value: eventDescription  Search Term: tpot1http://localhost:8080/indieProject/adminSearchEvent.jsp@gmail.com
[INFO ] 2018-12-13 00:41:19.241 [http-nio-8080-exec-9] SearchEventServlet - Search by description!
[INFO ] 2018-12-13 00:41:19.241 [http-nio-8080-exec-9] SearchEventServlet - Submit value: eventDescription  Search Term: tpot1http://localhost:8080/indieProject/adminSearchEvent.jsp@gmail.com
[INFO ] 2018-12-13 00:41:25.178 [http-nio-8080-exec-2] SearchEventServlet - starting the Search Event Servlet
[INFO ] 2018-12-13 00:41:25.178 [http-nio-8080-exec-2] SearchEventServlet - Submit value: username  Search Term: tpot1http://localhost:8080/indieProject/adminSearchEvent.jsp@gmail.com
[INFO ] 2018-12-13 00:41:25.178 [http-nio-8080-exec-2] SearchEventServlet - Search by username!
[INFO ] 2018-12-13 00:41:25.178 [http-nio-8080-exec-2] SearchEventServlet - Submit value: username  Search Term: tpot1http://localhost:8080/indieProject/adminSearchEvent.jsp@gmail.com
[DEBUG] 2018-12-13 00:41:25.178 [http-nio-8080-exec-2] GenericDAO - Searching for entity with event_userid = tpot1http://localhost:8080/indieProject/adminSearchEvent.jsp@gmail.com
[INFO ] 2018-12-13 00:41:25.178 [http-nio-8080-exec-2] SearchEventServlet - NO Event found for  tpot1http://localhost:8080/indieProject/adminSearchEvent.jsp@gmail.com
[INFO ] 2018-12-13 00:41:38.741 [http-nio-8080-exec-5] SearchEventServlet - starting the Search Event Servlet
[INFO ] 2018-12-13 00:41:38.741 [http-nio-8080-exec-5] SearchEventServlet - Submit value: username  Search Term: tpot1http://localhost:8080/indieProject/adminSearchEvent.jsp@gmail.com
[INFO ] 2018-12-13 00:41:38.741 [http-nio-8080-exec-5] SearchEventServlet - Search by username!
[INFO ] 2018-12-13 00:41:38.741 [http-nio-8080-exec-5] SearchEventServlet - Submit value: username  Search Term: tpot1http://localhost:8080/indieProject/adminSearchEvent.jsp@gmail.com
[DEBUG] 2018-12-13 00:41:38.741 [http-nio-8080-exec-5] GenericDAO - Searching for entity with event_userid = tpot1http://localhost:8080/indieProject/adminSearchEvent.jsp@gmail.com
[INFO ] 2018-12-13 00:41:38.741 [http-nio-8080-exec-5] SearchEventServlet - NO Event found for  tpot1http://localhost:8080/indieProject/adminSearchEvent.jsp@gmail.com
[INFO ] 2018-12-13 00:41:44.896 [http-nio-8080-exec-8] SearchEventServlet - starting the Search Event Servlet
[INFO ] 2018-12-13 00:41:44.896 [http-nio-8080-exec-8] SearchEventServlet - Submit value: eventDescription  Search Term: tpot1http://localhost:8080/indieProject/adminSearchEvent.jsp@gmail.com
[INFO ] 2018-12-13 00:41:44.896 [http-nio-8080-exec-8] SearchEventServlet - Search by description!
[INFO ] 2018-12-13 00:41:44.896 [http-nio-8080-exec-8] SearchEventServlet - Submit value: eventDescription  Search Term: tpot1http://localhost:8080/indieProject/adminSearchEvent.jsp@gmail.com
[INFO ] 2018-12-13 00:41:50.477 [http-nio-8080-exec-1] SearchEventServlet - starting the Search Event Servlet
[INFO ] 2018-12-13 00:41:50.477 [http-nio-8080-exec-1] SearchEventServlet - Submit value: username  Search Term: tpot1http://localhost:8080/indieProject/adminSearchEvent.jsp@gmail.com
[INFO ] 2018-12-13 00:41:50.477 [http-nio-8080-exec-1] SearchEventServlet - Search by username!
[INFO ] 2018-12-13 00:41:50.477 [http-nio-8080-exec-1] SearchEventServlet - Submit value: username  Search Term: tpot1http://localhost:8080/indieProject/adminSearchEvent.jsp@gmail.com
[DEBUG] 2018-12-13 00:41:50.477 [http-nio-8080-exec-1] GenericDAO - Searching for entity with event_userid = tpot1http://localhost:8080/indieProject/adminSearchEvent.jsp@gmail.com
[INFO ] 2018-12-13 00:41:50.477 [http-nio-8080-exec-1] SearchEventServlet - NO Event found for  tpot1http://localhost:8080/indieProject/adminSearchEvent.jsp@gmail.com
[INFO ] 2018-12-13 00:42:01.288 [http-nio-8080-exec-4] SearchEventServlet - starting the Search Event Servlet
[INFO ] 2018-12-13 00:42:01.288 [http-nio-8080-exec-4] SearchEventServlet - Submit value: username  Search Term: tpot1@gmail.com
[INFO ] 2018-12-13 00:42:01.288 [http-nio-8080-exec-4] SearchEventServlet - Search by username!
[INFO ] 2018-12-13 00:42:01.288 [http-nio-8080-exec-4] SearchEventServlet - Submit value: username  Search Term: tpot1@gmail.com
[DEBUG] 2018-12-13 00:42:01.288 [http-nio-8080-exec-4] GenericDAO - Searching for entity with event_userid = tpot1@gmail.com
[INFO ] 2018-12-13 00:42:01.288 [http-nio-8080-exec-4] SearchEventServlet - Event found for User Id tpot1@gmail.comsize > 0
[INFO ] 2018-12-13 00:42:07.710 [http-nio-8080-exec-7] SearchEventServlet - starting the Search Event Servlet
[INFO ] 2018-12-13 00:42:07.710 [http-nio-8080-exec-7] SearchEventServlet - Submit value: username  Search Term: tpot2@gmail.com
[INFO ] 2018-12-13 00:42:07.710 [http-nio-8080-exec-7] SearchEventServlet - Search by username!
[INFO ] 2018-12-13 00:42:07.710 [http-nio-8080-exec-7] SearchEventServlet - Submit value: username  Search Term: tpot2@gmail.com
[DEBUG] 2018-12-13 00:42:07.710 [http-nio-8080-exec-7] GenericDAO - Searching for entity with event_userid = tpot2@gmail.com
[INFO ] 2018-12-13 00:42:07.710 [http-nio-8080-exec-7] SearchEventServlet - Event found for User Id tpot2@gmail.comsize > 0
[DEBUG] 2018-12-13 00:48:22.547 [main] GenericDAO - Searching for entity with event_userid = pot3@gmail.com
[DEBUG] 2018-12-13 00:48:22.547 [main] GenericDAO - Searching for entity with description = knigh
[DEBUG] 2018-12-13 00:48:22.916 [main] GenericDAO - Get list by property like [EventBean{event_id=3, event_userid='tpot3@gmail.com', description='tim knight', event_date=2017-10-10, event_fee=15}]
[DEBUG] 2018-12-13 00:48:22.931 [main] GenericDAO - Searching for entity with event_userid = pot33@gmail.com
[DEBUG] 2018-12-13 00:48:22.931 [main] GenericDAO - Searching for entity with description = knigh
[DEBUG] 2018-12-13 00:48:22.931 [main] GenericDAO - Get list by property like []
[DEBUG] 2018-12-13 00:48:23.009 [main] GenericDAO - Get entity by Id : EventBean{event_id=3, event_userid='tpot3@gmail.com', description='tim knight', event_date=2017-10-10, event_fee=15}
[DEBUG] 2018-12-13 00:48:23.025 [main] GenericDAO - Deleted entity EventBean{event_id=3, event_userid='tpot3@gmail.com', description='tim knight', event_date=2017-10-10, event_fee=15}
[DEBUG] 2018-12-13 00:48:23.041 [main] GenericDAO - Get entity by Id : null
[DEBUG] 2018-12-13 00:48:23.088 [main] GenericDAO - Searching for entity with event_userid = tpot1@gmail.com
[DEBUG] 2018-12-13 00:48:23.103 [main] GenericDAO - Get unique entity EventBean{event_id=1, event_userid='tpot1@gmail.com', description='event 1', event_date=2018-09-10, event_fee=15}
[DEBUG] 2018-12-13 00:48:23.181 [main] GenericDAO - Get all rows from entity : [EventBean{event_id=1, event_userid='tpot1@gmail.com', description='event 1', event_date=2018-09-10, event_fee=15}, EventBean{event_id=2, event_userid='tpot2@gmail.com', description='kool aid', event_date=2018-01-10, event_fee=15}, EventBean{event_id=3, event_userid='tpot3@gmail.com', description='tim knight', event_date=2017-10-10, event_fee=15}]
[DEBUG] 2018-12-13 00:48:23.228 [main] GenericDAO - Searching for entity with event_userid = tpot2@gmail.com
[DEBUG] 2018-12-13 00:48:23.275 [main] GenericDAO - Searching for Entity with description = %knigh%
[DEBUG] 2018-12-13 00:48:23.275 [main] GenericDAO - Get list by property like [EventBean{event_id=3, event_userid='tpot3@gmail.com', description='tim knight', event_date=2017-10-10, event_fee=15}]
[DEBUG] 2018-12-13 00:48:23.275 [main] GenericDAO - Searching for Entity with event_userid = %tpot3@gmail.com%
[DEBUG] 2018-12-13 00:48:23.291 [main] GenericDAO - Get list by property like [EventBean{event_id=3, event_userid='tpot3@gmail.com', description='tim knight', event_date=2017-10-10, event_fee=15}]
[DEBUG] 2018-12-13 00:48:23.291 [main] GenericDAO - Searching for Entity with event_userid = %tpot33@gmail.com%
[DEBUG] 2018-12-13 00:48:23.291 [main] GenericDAO - Get list by property like []
[DEBUG] 2018-12-13 00:48:23.338 [main] GenericDAO - Get entity by Id : EventBean{event_id=1, event_userid='tpot1@gmail.com', description='event 1', event_date=2018-09-10, event_fee=15}
[DEBUG] 2018-12-13 00:48:23.384 [main] GenericDAO - Get entity by Id : EventBean{event_id=1, event_userid='tpot1@gmail.com', description='event 1', event_date=2018-09-10, event_fee=15}
[DEBUG] 2018-12-13 00:48:23.384 [main] GenericDAO - Save/update entity EventBean{event_id=1, event_userid='tpot1@gmail.com', description='Update Event to different event', event_date=2018-03-13, event_fee=15}
[DEBUG] 2018-12-13 00:48:23.400 [main] GenericDAO - Get entity by Id : EventBean{event_id=1, event_userid='tpot1@gmail.com', description='Update Event to different event', event_date=2018-03-13, event_fee=15}
[DEBUG] 2018-12-13 00:48:23.447 [main] GenericDAO - Insert entity EventBean{event_id=29, event_userid='tpot4@gmail.com', description='event 4', event_date=2018-09-10, event_fee=15.9900000000000002131628207280300557613372802734375}
[DEBUG] 2018-12-13 00:48:23.478 [main] GenericDAO - Get entity by Id : EventBean{event_id=29, event_userid='tpot4@gmail.com', description='event 4', event_date=2018-09-10, event_fee=16}
[DEBUG] 2018-12-13 00:48:23.541 [main] GenericDAO - Get entity by Id : UserBean{id=5, username='shelm@hotmail.com', status='active', password='password2', firstname='stacy', lastname='helm', middlename='s', dateofbirth=1977-06-13, address='237 main st', state='wi', zipcode='77583', phone='608-999-8722'}
[DEBUG] 2018-12-13 00:48:23.541 [main] GenericDAO - Deleted entity UserBean{id=5, username='shelm@hotmail.com', status='active', password='password2', firstname='stacy', lastname='helm', middlename='s', dateofbirth=1977-06-13, address='237 main st', state='wi', zipcode='77583', phone='608-999-8722'}
[DEBUG] 2018-12-13 00:48:23.556 [main] GenericDAO - Get entity by Id : null
[DEBUG] 2018-12-13 00:48:23.603 [main] GenericDAO - Searching for entity with username = kyang@hotmail.com
[DEBUG] 2018-12-13 00:48:23.619 [main] GenericDAO - Get unique entity UserBean{id=1, username='kyang@hotmail.com', status='active', password='password1', firstname='kia', lastname='yang', middlename='ll', dateofbirth=9999-12-31, address='123 windsor st', state='ca', zipcode='53537', phone='6088888788'}
[DEBUG] 2018-12-13 00:48:23.712 [main] GenericDAO - Get all rows from entity : [UserBean{id=1, username='kyang@hotmail.com', status='active', password='password1', firstname='kia', lastname='yang', middlename='ll', dateofbirth=9999-12-31, address='123 windsor st', state='ca', zipcode='53537', phone='6088888788'}, UserBean{id=2, username='rtango@hotmail.com', status='active', password='password2', firstname='randy', lastname='tangelo', middlename='s', dateofbirth=1970-06-10, address='523 main st', state='wi', zipcode='53583', phone='608-999-8700'}, UserBean{id=3, username='mjones@hotmail.com', status='inactive', password='password3', firstname='mary', lastname='jones', middlename='s', dateofbirth=1974-09-18, address='766 main st', state='wi', zipcode='53590', phone='608-997-8755'}, UserBean{id=4, username='kterry@hotmail.com', status='inactive', password='password4', firstname='kerry', lastname='terry', middlename='s', dateofbirth=1977-05-08, address='339 main st', state='wi', zipcode='53599-5402', phone='608-997-8755'}, UserBean{id=5, username='shelm@hotmail.com', status='active', password='password2', firstname='stacy', lastname='helm', middlename='s', dateofbirth=1977-06-13, address='237 main st', state='wi', zipcode='77583', phone='608-999-8722'}, UserBean{id=8, username='tpot1@gmail.com', status='active', password='password1', firstname='tee', lastname='pot', middlename='ds', dateofbirth=1998-01-01, address='555 main st', state='wi', zipcode='535390', phone='5555555'}, UserBean{id=9, username='tpot2@gmail.com', status='active', password='password1', firstname='tee', lastname='pot', middlename='ds', dateofbirth=1998-01-01, address='555 main st', state='wi', zipcode='535390', phone='5555555'}, UserBean{id=10, username='tpot3@gmail.com', status='new', password='password1', firstname='tee', lastname='pot', middlename='ds', dateofbirth=1998-01-01, address='555 main st', state='wi', zipcode='535390', phone='5555555'}, UserBean{id=11, username='tpot4@gmail.com', status='new', password='password1', firstname='tee', lastname='pot', middlename='ds', dateofbirth=1998-01-01, address='555 main st', state='wi', zipcode='535390', phone='5555555'}, UserBean{id=12, username='tpot5@gmail.com', status='new', password='password1', firstname='tee', lastname='pot', middlename='ds', dateofbirth=1998-01-01, address='555 main st', state='wi', zipcode='535390', phone='5555555'}, UserBean{id=13, username='tpot6@gmail.com', status='new', password='password1', firstname='tee', lastname='pot', middlename='ds', dateofbirth=1998-01-01, address='555 main st', state='wi', zipcode='535390', phone='5555555'}, UserBean{id=14, username='tpot7@gmail.com', status='new', password='password1', firstname='tee', lastname='pot', middlename='ds', dateofbirth=1998-01-01, address='555 main st', state='wi', zipcode='535390', phone='5555555'}, UserBean{id=15, username='tpot8@gmail.com', status='new', password='password1', firstname='tee', lastname='pot', middlename='ds', dateofbirth=1998-01-01, address='555 main st', state='wi', zipcode='535390', phone='5555555'}]
[DEBUG] 2018-12-13 00:48:23.759 [main] GenericDAO - Searching for entity with firstname = kia
[DEBUG] 2018-12-13 00:48:23.822 [main] GenericDAO - Searching for Entity with lastname = %yang%
[DEBUG] 2018-12-13 00:48:23.837 [main] GenericDAO - Get list by property like [UserBean{id=1, username='kyang@hotmail.com', status='active', password='password1', firstname='kia', lastname='yang', middlename='ll', dateofbirth=9999-12-31, address='123 windsor st', state='ca', zipcode='53537', phone='6088888788'}]
[DEBUG] 2018-12-13 00:48:23.884 [main] GenericDAO - Get entity by Id : UserBean{id=1, username='kyang@hotmail.com', status='active', password='password1', firstname='kia', lastname='yang', middlename='ll', dateofbirth=9999-12-31, address='123 windsor st', state='ca', zipcode='53537', phone='6088888788'}
[DEBUG] 2018-12-13 00:48:23.931 [main] GenericDAO - Get entity by Id : UserBean{id=5, username='shelm@hotmail.com', status='active', password='password2', firstname='stacy', lastname='helm', middlename='s', dateofbirth=1977-06-13, address='237 main st', state='wi', zipcode='77583', phone='608-999-8722'}
[DEBUG] 2018-12-13 00:48:23.931 [main] GenericDAO - Save/update entity UserBean{id=5, username='shelm@hotmail.com', status='active', password='password2', firstname='stacy', lastname='Davis', middlename='s', dateofbirth=1977-06-13, address='237 main st', state='wi', zipcode='77583', phone='608-999-8722'}
[DEBUG] 2018-12-13 00:48:23.961 [main] GenericDAO - Get entity by Id : UserBean{id=5, username='shelm@hotmail.com', status='active', password='password2', firstname='stacy', lastname='Davis', middlename='s', dateofbirth=1977-06-13, address='237 main st', state='wi', zipcode='77583', phone='608-999-8722'}
[DEBUG] 2018-12-13 00:48:23.999 [main] GenericDAO - Insert entity UserBean{id=62, username='tmocha@gmail.com', status='active', password='password6', firstname='Tina', lastname='Mocha', middlename='L', dateofbirth=1968-01-01, address='34233 Sate St', state='WI', zipcode='24323', phone='6898889898'}
[DEBUG] 2018-12-13 00:48:24.015 [main] GenericDAO - Get entity by Id : UserBean{id=62, username='tmocha@gmail.com', status='active', password='password6', firstname='Tina', lastname='Mocha', middlename='L', dateofbirth=1968-01-01, address='34233 Sate St', state='WI', zipcode='24323', phone='6898889898'}
[DEBUG] 2018-12-13 00:48:24.077 [main] GenericDAO - Get entity by Id : UserRoleBean(id=5, userid=UserBean{id=5, username='shelm@hotmail.com', status='active', password='password2', firstname='stacy', lastname='helm', middlename='s', dateofbirth=1977-06-13, address='237 main st', state='wi', zipcode='77583', phone='608-999-8722'}, username=shelm@hotmail.com, userRole=member)
[DEBUG] 2018-12-13 00:48:24.077 [main] GenericDAO - Deleted entity UserRoleBean(id=5, userid=UserBean{id=5, username='shelm@hotmail.com', status='active', password='password2', firstname='stacy', lastname='helm', middlename='s', dateofbirth=1977-06-13, address='237 main st', state='wi', zipcode='77583', phone='608-999-8722'}, username=shelm@hotmail.com, userRole=member)
[DEBUG] 2018-12-13 00:48:24.077 [main] GenericDAO - Get entity by Id : null
[DEBUG] 2018-12-13 00:48:24.124 [main] GenericDAO - Searching for entity with username = kyang@hotmail.com
[DEBUG] 2018-12-13 00:48:24.140 [main] GenericDAO - Get unique entity UserRoleBean(id=1, userid=UserBean{id=1, username='kyang@hotmail.com', status='active', password='password1', firstname='kia', lastname='yang', middlename='ll', dateofbirth=9999-12-31, address='123 windsor st', state='ca', zipcode='53537', phone='6088888788'}, username=kyang@hotmail.com, userRole=admin)
[DEBUG] 2018-12-13 00:48:24.202 [main] GenericDAO - Insert entity UserRoleBean(id=39, userid=UserBean{id=63, username='kyang1@hotmail.com', status='active', password='password1', firstname='kia', lastname='yang', middlename='s', dateofbirth=1973-08-05, address='123 main st', state='wi', zipcode='53533', phone='608-888-8788'}, username=kyang1@hotmail.com, userRole=admin)
[DEBUG] 2018-12-13 00:48:24.218 [main] GenericDAO - Get entity by Id : UserRoleBean(id=39, userid=UserBean{id=63, username='kyang1@hotmail.com', status='active', password='password1', firstname='kia', lastname='yang', middlename='s', dateofbirth=1973-08-05, address='123 main st', state='wi', zipcode='53533', phone='608-888-8788'}, username=kyang1@hotmail.com, userRole=admin)
[DEBUG] 2018-12-13 00:48:24.327 [main] GenericDAO - Get all rows from entity : [UserRoleBean(id=1, userid=UserBean{id=1, username='kyang@hotmail.com', status='active', password='password1', firstname='kia', lastname='yang', middlename='ll', dateofbirth=9999-12-31, address='123 windsor st', state='ca', zipcode='53537', phone='6088888788'}, username=kyang@hotmail.com, userRole=admin), UserRoleBean(id=2, userid=UserBean{id=2, username='rtango@hotmail.com', status='active', password='password2', firstname='randy', lastname='tangelo', middlename='s', dateofbirth=1970-06-10, address='523 main st', state='wi', zipcode='53583', phone='608-999-8700'}, username=rtango@hotmail.com, userRole=admin), UserRoleBean(id=3, userid=UserBean{id=3, username='mjones@hotmail.com', status='inactive', password='password3', firstname='mary', lastname='jones', middlename='s', dateofbirth=1974-09-18, address='766 main st', state='wi', zipcode='53590', phone='608-997-8755'}, username=mjones@hotmail.com, userRole=registered), UserRoleBean(id=4, userid=UserBean{id=4, username='kterry@hotmail.com', status='inactive', password='password4', firstname='kerry', lastname='terry', middlename='s', dateofbirth=1977-05-08, address='339 main st', state='wi', zipcode='53599-5402', phone='608-997-8755'}, username=kterry@hotmail.com, userRole=member), UserRoleBean(id=5, userid=UserBean{id=5, username='shelm@hotmail.com', status='active', password='password2', firstname='stacy', lastname='helm', middlename='s', dateofbirth=1977-06-13, address='237 main st', state='wi', zipcode='77583', phone='608-999-8722'}, username=shelm@hotmail.com, userRole=member), UserRoleBean(id=8, userid=UserBean{id=8, username='tpot1@gmail.com', status='active', password='password1', firstname='tee', lastname='pot', middlename='ds', dateofbirth=1998-01-01, address='555 main st', state='wi', zipcode='535390', phone='5555555'}, username=tpot1@gmail.com, userRole=member), UserRoleBean(id=9, userid=UserBean{id=9, username='tpot2@gmail.com', status='active', password='password1', firstname='tee', lastname='pot', middlename='ds', dateofbirth=1998-01-01, address='555 main st', state='wi', zipcode='535390', phone='5555555'}, username=tpot2@gmail.com, userRole=member), UserRoleBean(id=10, userid=UserBean{id=10, username='tpot3@gmail.com', status='new', password='password1', firstname='tee', lastname='pot', middlename='ds', dateofbirth=1998-01-01, address='555 main st', state='wi', zipcode='535390', phone='5555555'}, username=tpot3@gmail.com, userRole=register), UserRoleBean(id=11, userid=UserBean{id=11, username='tpot4@gmail.com', status='new', password='password1', firstname='tee', lastname='pot', middlename='ds', dateofbirth=1998-01-01, address='555 main st', state='wi', zipcode='535390', phone='5555555'}, username=tpot4@gmail.com, userRole=register), UserRoleBean(id=12, userid=UserBean{id=12, username='tpot5@gmail.com', status='new', password='password1', firstname='tee', lastname='pot', middlename='ds', dateofbirth=1998-01-01, address='555 main st', state='wi', zipcode='535390', phone='5555555'}, username=tpot5@gmail.com, userRole=register), UserRoleBean(id=13, userid=UserBean{id=13, username='tpot6@gmail.com', status='new', password='password1', firstname='tee', lastname='pot', middlename='ds', dateofbirth=1998-01-01, address='555 main st', state='wi', zipcode='535390', phone='5555555'}, username=tpot6@gmail.com, userRole=register), UserRoleBean(id=14, userid=UserBean{id=14, username='tpot7@gmail.com', status='new', password='password1', firstname='tee', lastname='pot', middlename='ds', dateofbirth=1998-01-01, address='555 main st', state='wi', zipcode='535390', phone='5555555'}, username=tpot7@gmail.com, userRole=register), UserRoleBean(id=15, userid=UserBean{id=15, username='tpot8@gmail.com', status='new', password='password1', firstname='tee', lastname='pot', middlename='ds', dateofbirth=1998-01-01, address='555 main st', state='wi', zipcode='535390', phone='5555555'}, username=tpot8@gmail.com, userRole=register)]
[DEBUG] 2018-12-13 00:48:24.374 [main] GenericDAO - Searching for entity with username = kyang@hotmail.com
[DEBUG] 2018-12-13 00:48:24.437 [main] GenericDAO - Searching for Entity with userRole = %member%
[DEBUG] 2018-12-13 00:48:24.468 [main] GenericDAO - Get list by property like [UserRoleBean(id=4, userid=UserBean{id=4, username='kterry@hotmail.com', status='inactive', password='password4', firstname='kerry', lastname='terry', middlename='s', dateofbirth=1977-05-08, address='339 main st', state='wi', zipcode='53599-5402', phone='608-997-8755'}, username=kterry@hotmail.com, userRole=member), UserRoleBean(id=5, userid=UserBean{id=5, username='shelm@hotmail.com', status='active', password='password2', firstname='stacy', lastname='helm', middlename='s', dateofbirth=1977-06-13, address='237 main st', state='wi', zipcode='77583', phone='608-999-8722'}, username=shelm@hotmail.com, userRole=member), UserRoleBean(id=8, userid=UserBean{id=8, username='tpot1@gmail.com', status='active', password='password1', firstname='tee', lastname='pot', middlename='ds', dateofbirth=1998-01-01, address='555 main st', state='wi', zipcode='535390', phone='5555555'}, username=tpot1@gmail.com, userRole=member), UserRoleBean(id=9, userid=UserBean{id=9, username='tpot2@gmail.com', status='active', password='password1', firstname='tee', lastname='pot', middlename='ds', dateofbirth=1998-01-01, address='555 main st', state='wi', zipcode='535390', phone='5555555'}, username=tpot2@gmail.com, userRole=member)]
[DEBUG] 2018-12-13 00:48:24.515 [main] GenericDAO - Get entity by Id : UserRoleBean(id=1, userid=UserBean{id=1, username='kyang@hotmail.com', status='active', password='password1', firstname='kia', lastname='yang', middlename='ll', dateofbirth=9999-12-31, address='123 windsor st', state='ca', zipcode='53537', phone='6088888788'}, username=kyang@hotmail.com, userRole=admin)
[DEBUG] 2018-12-13 00:48:24.562 [main] GenericDAO - Searching for entity with username = kyang@hotmail.com
[DEBUG] 2018-12-13 00:48:24.577 [main] GenericDAO - Get entity by Id : UserRoleBean(id=1, userid=UserBean{id=1, username='kyang@hotmail.com', status='active', password='password1', firstname='kia', lastname='yang', middlename='ll', dateofbirth=9999-12-31, address='123 windsor st', state='ca', zipcode='53537', phone='6088888788'}, username=kyang@hotmail.com, userRole=admin)
[DEBUG] 2018-12-13 00:48:24.577 [main] GenericDAO - Save/update entity UserRoleBean(id=1, userid=UserBean{id=1, username='kyang@hotmail.com', status='active', password='password1', firstname='kia', lastname='yang', middlename='ll', dateofbirth=9999-12-31, address='123 windsor st', state='ca', zipcode='53537', phone='6088888788'}, username=kyang@hotmail.com, userRole=member)
[DEBUG] 2018-12-13 00:48:24.593 [main] GenericDAO - Get entity by Id : UserRoleBean(id=1, userid=UserBean{id=1, username='kyang@hotmail.com', status='active', password='password1', firstname='kia', lastname='yang', middlename='ll', dateofbirth=9999-12-31, address='123 windsor st', state='ca', zipcode='53537', phone='6088888788'}, username=kyang@hotmail.com, userRole=member)
[INFO ] 2018-12-13 00:49:08.536 [http-nio-8080-exec-8] SearchEventServlet - starting the Search Event Servlet
[INFO ] 2018-12-13 00:49:08.552 [http-nio-8080-exec-8] SearchEventServlet - Submit value: eventDescription  Search Term: kool
[DEBUG] 2018-12-13 00:49:12.585 [http-nio-8080-exec-8] GenericDAO - Searching for Entity with event_userid = %kool%
[DEBUG] 2018-12-13 00:49:13.318 [http-nio-8080-exec-8] GenericDAO - Get list by property like []
[INFO ] 2018-12-13 00:49:13.318 [http-nio-8080-exec-8] SearchEventServlet - Search by description!
[INFO ] 2018-12-13 00:49:13.318 [http-nio-8080-exec-8] SearchEventServlet - Submit value: eventDescription  Search Term: kool
[DEBUG] 2018-12-13 00:50:31.912 [main] GenericDAO - Searching for entity with event_userid = pot3@gmail.com
[DEBUG] 2018-12-13 00:50:31.912 [main] GenericDAO - Searching for entity with description = knigh
[DEBUG] 2018-12-13 00:50:32.881 [main] GenericDAO - Get list by property like [EventBean{event_id=3, event_userid='tpot3@gmail.com', description='tim knight', event_date=2017-10-10, event_fee=15}]
[DEBUG] 2018-12-13 00:50:32.896 [main] GenericDAO - Searching for entity with event_userid = pot33@gmail.com
[DEBUG] 2018-12-13 00:50:32.896 [main] GenericDAO - Searching for entity with description = knigh
[DEBUG] 2018-12-13 00:50:32.896 [main] GenericDAO - Get list by property like []
[DEBUG] 2018-12-13 00:50:33.209 [main] GenericDAO - Get entity by Id : EventBean{event_id=3, event_userid='tpot3@gmail.com', description='tim knight', event_date=2017-10-10, event_fee=15}
[DEBUG] 2018-12-13 00:50:33.209 [main] GenericDAO - Deleted entity EventBean{event_id=3, event_userid='tpot3@gmail.com', description='tim knight', event_date=2017-10-10, event_fee=15}
[DEBUG] 2018-12-13 00:50:33.240 [main] GenericDAO - Get entity by Id : null
[DEBUG] 2018-12-13 00:50:33.303 [main] GenericDAO - Searching for entity with event_userid = tpot1@gmail.com
[DEBUG] 2018-12-13 00:50:33.318 [main] GenericDAO - Get unique entity EventBean{event_id=1, event_userid='tpot1@gmail.com', description='event 1', event_date=2018-09-10, event_fee=15}
[DEBUG] 2018-12-13 00:50:33.396 [main] GenericDAO - Get all rows from entity : [EventBean{event_id=1, event_userid='tpot1@gmail.com', description='event 1', event_date=2018-09-10, event_fee=15}, EventBean{event_id=2, event_userid='tpot2@gmail.com', description='kool aid', event_date=2018-01-10, event_fee=15}, EventBean{event_id=3, event_userid='tpot3@gmail.com', description='tim knight', event_date=2017-10-10, event_fee=15}]
[DEBUG] 2018-12-13 00:50:33.443 [main] GenericDAO - Searching for entity with event_userid = tpot2@gmail.com
[DEBUG] 2018-12-13 00:50:33.505 [main] GenericDAO - Searching for Entity with description = %knigh%
[DEBUG] 2018-12-13 00:50:33.521 [main] GenericDAO - Get list by property like [EventBean{event_id=3, event_userid='tpot3@gmail.com', description='tim knight', event_date=2017-10-10, event_fee=15}]
[DEBUG] 2018-12-13 00:50:33.521 [main] GenericDAO - Searching for Entity with event_userid = %tpot3@gmail.com%
[DEBUG] 2018-12-13 00:50:33.521 [main] GenericDAO - Get list by property like [EventBean{event_id=3, event_userid='tpot3@gmail.com', description='tim knight', event_date=2017-10-10, event_fee=15}]
[DEBUG] 2018-12-13 00:50:33.521 [main] GenericDAO - Searching for Entity with event_userid = %tpot33@gmail.com%
[DEBUG] 2018-12-13 00:50:33.521 [main] GenericDAO - Get list by property like []
[DEBUG] 2018-12-13 00:50:33.584 [main] GenericDAO - Get entity by Id : EventBean{event_id=1, event_userid='tpot1@gmail.com', description='event 1', event_date=2018-09-10, event_fee=15}
[DEBUG] 2018-12-13 00:50:33.646 [main] GenericDAO - Get entity by Id : EventBean{event_id=1, event_userid='tpot1@gmail.com', description='event 1', event_date=2018-09-10, event_fee=15}
[DEBUG] 2018-12-13 00:50:33.646 [main] GenericDAO - Save/update entity EventBean{event_id=1, event_userid='tpot1@gmail.com', description='Update Event to different event', event_date=2018-03-13, event_fee=15}
[DEBUG] 2018-12-13 00:50:33.662 [main] GenericDAO - Get entity by Id : EventBean{event_id=1, event_userid='tpot1@gmail.com', description='Update Event to different event', event_date=2018-03-13, event_fee=15}
[DEBUG] 2018-12-13 00:50:33.724 [main] GenericDAO - Insert entity EventBean{event_id=30, event_userid='tpot4@gmail.com', description='event 4', event_date=2018-09-10, event_fee=15.9900000000000002131628207280300557613372802734375}
[DEBUG] 2018-12-13 00:50:33.724 [main] GenericDAO - Get entity by Id : EventBean{event_id=30, event_userid='tpot4@gmail.com', description='event 4', event_date=2018-09-10, event_fee=16}
[DEBUG] 2018-12-13 00:50:33.802 [main] GenericDAO - Get entity by Id : UserBean{id=5, username='shelm@hotmail.com', status='active', password='password2', firstname='stacy', lastname='helm', middlename='s', dateofbirth=1977-06-13, address='237 main st', state='wi', zipcode='77583', phone='608-999-8722'}
[DEBUG] 2018-12-13 00:50:33.818 [main] GenericDAO - Deleted entity UserBean{id=5, username='shelm@hotmail.com', status='active', password='password2', firstname='stacy', lastname='helm', middlename='s', dateofbirth=1977-06-13, address='237 main st', state='wi', zipcode='77583', phone='608-999-8722'}
[DEBUG] 2018-12-13 00:50:33.834 [main] GenericDAO - Get entity by Id : null
[DEBUG] 2018-12-13 00:50:33.880 [main] GenericDAO - Searching for entity with username = kyang@hotmail.com
[DEBUG] 2018-12-13 00:50:33.896 [main] GenericDAO - Get unique entity UserBean{id=1, username='kyang@hotmail.com', status='active', password='password1', firstname='kia', lastname='yang', middlename='ll', dateofbirth=9999-12-31, address='123 windsor st', state='ca', zipcode='53537', phone='6088888788'}
[DEBUG] 2018-12-13 00:50:34.005 [main] GenericDAO - Get all rows from entity : [UserBean{id=1, username='kyang@hotmail.com', status='active', password='password1', firstname='kia', lastname='yang', middlename='ll', dateofbirth=9999-12-31, address='123 windsor st', state='ca', zipcode='53537', phone='6088888788'}, UserBean{id=2, username='rtango@hotmail.com', status='active', password='password2', firstname='randy', lastname='tangelo', middlename='s', dateofbirth=1970-06-10, address='523 main st', state='wi', zipcode='53583', phone='608-999-8700'}, UserBean{id=3, username='mjones@hotmail.com', status='inactive', password='password3', firstname='mary', lastname='jones', middlename='s', dateofbirth=1974-09-18, address='766 main st', state='wi', zipcode='53590', phone='608-997-8755'}, UserBean{id=4, username='kterry@hotmail.com', status='inactive', password='password4', firstname='kerry', lastname='terry', middlename='s', dateofbirth=1977-05-08, address='339 main st', state='wi', zipcode='53599-5402', phone='608-997-8755'}, UserBean{id=5, username='shelm@hotmail.com', status='active', password='password2', firstname='stacy', lastname='helm', middlename='s', dateofbirth=1977-06-13, address='237 main st', state='wi', zipcode='77583', phone='608-999-8722'}, UserBean{id=8, username='tpot1@gmail.com', status='active', password='password1', firstname='tee', lastname='pot', middlename='ds', dateofbirth=1998-01-01, address='555 main st', state='wi', zipcode='535390', phone='5555555'}, UserBean{id=9, username='tpot2@gmail.com', status='active', password='password1', firstname='tee', lastname='pot', middlename='ds', dateofbirth=1998-01-01, address='555 main st', state='wi', zipcode='535390', phone='5555555'}, UserBean{id=10, username='tpot3@gmail.com', status='new', password='password1', firstname='tee', lastname='pot', middlename='ds', dateofbirth=1998-01-01, address='555 main st', state='wi', zipcode='535390', phone='5555555'}, UserBean{id=11, username='tpot4@gmail.com', status='new', password='password1', firstname='tee', lastname='pot', middlename='ds', dateofbirth=1998-01-01, address='555 main st', state='wi', zipcode='535390', phone='5555555'}, UserBean{id=12, username='tpot5@gmail.com', status='new', password='password1', firstname='tee', lastname='pot', middlename='ds', dateofbirth=1998-01-01, address='555 main st', state='wi', zipcode='535390', phone='5555555'}, UserBean{id=13, username='tpot6@gmail.com', status='new', password='password1', firstname='tee', lastname='pot', middlename='ds', dateofbirth=1998-01-01, address='555 main st', state='wi', zipcode='535390', phone='5555555'}, UserBean{id=14, username='tpot7@gmail.com', status='new', password='password1', firstname='tee', lastname='pot', middlename='ds', dateofbirth=1998-01-01, address='555 main st', state='wi', zipcode='535390', phone='5555555'}, UserBean{id=15, username='tpot8@gmail.com', status='new', password='password1', firstname='tee', lastname='pot', middlename='ds', dateofbirth=1998-01-01, address='555 main st', state='wi', zipcode='535390', phone='5555555'}]
[DEBUG] 2018-12-13 00:50:34.068 [main] GenericDAO - Searching for entity with firstname = kia
[DEBUG] 2018-12-13 00:50:34.115 [main] GenericDAO - Searching for Entity with lastname = %yang%
[DEBUG] 2018-12-13 00:50:34.130 [main] GenericDAO - Get list by property like [UserBean{id=1, username='kyang@hotmail.com', status='active', password='password1', firstname='kia', lastname='yang', middlename='ll', dateofbirth=9999-12-31, address='123 windsor st', state='ca', zipcode='53537', phone='6088888788'}]
[DEBUG] 2018-12-13 00:50:34.177 [main] GenericDAO - Get entity by Id : UserBean{id=1, username='kyang@hotmail.com', status='active', password='password1', firstname='kia', lastname='yang', middlename='ll', dateofbirth=9999-12-31, address='123 windsor st', state='ca', zipcode='53537', phone='6088888788'}
[DEBUG] 2018-12-13 00:50:34.224 [main] GenericDAO - Get entity by Id : UserBean{id=5, username='shelm@hotmail.com', status='active', password='password2', firstname='stacy', lastname='helm', middlename='s', dateofbirth=1977-06-13, address='237 main st', state='wi', zipcode='77583', phone='608-999-8722'}
[DEBUG] 2018-12-13 00:50:34.224 [main] GenericDAO - Save/update entity UserBean{id=5, username='shelm@hotmail.com', status='active', password='password2', firstname='stacy', lastname='Davis', middlename='s', dateofbirth=1977-06-13, address='237 main st', state='wi', zipcode='77583', phone='608-999-8722'}
[DEBUG] 2018-12-13 00:50:34.240 [main] GenericDAO - Get entity by Id : UserBean{id=5, username='shelm@hotmail.com', status='active', password='password2', firstname='stacy', lastname='Davis', middlename='s', dateofbirth=1977-06-13, address='237 main st', state='wi', zipcode='77583', phone='608-999-8722'}
[DEBUG] 2018-12-13 00:50:34.287 [main] GenericDAO - Insert entity UserBean{id=64, username='tmocha@gmail.com', status='active', password='password6', firstname='Tina', lastname='Mocha', middlename='L', dateofbirth=1968-01-01, address='34233 Sate St', state='WI', zipcode='24323', phone='6898889898'}
[DEBUG] 2018-12-13 00:50:34.302 [main] GenericDAO - Get entity by Id : UserBean{id=64, username='tmocha@gmail.com', status='active', password='password6', firstname='Tina', lastname='Mocha', middlename='L', dateofbirth=1968-01-01, address='34233 Sate St', state='WI', zipcode='24323', phone='6898889898'}
[DEBUG] 2018-12-13 00:50:34.443 [main] GenericDAO - Get entity by Id : UserRoleBean(id=5, userid=UserBean{id=5, username='shelm@hotmail.com', status='active', password='password2', firstname='stacy', lastname='helm', middlename='s', dateofbirth=1977-06-13, address='237 main st', state='wi', zipcode='77583', phone='608-999-8722'}, username=shelm@hotmail.com, userRole=member)
[DEBUG] 2018-12-13 00:50:34.443 [main] GenericDAO - Deleted entity UserRoleBean(id=5, userid=UserBean{id=5, username='shelm@hotmail.com', status='active', password='password2', firstname='stacy', lastname='helm', middlename='s', dateofbirth=1977-06-13, address='237 main st', state='wi', zipcode='77583', phone='608-999-8722'}, username=shelm@hotmail.com, userRole=member)
[DEBUG] 2018-12-13 00:50:34.458 [main] GenericDAO - Get entity by Id : null
[DEBUG] 2018-12-13 00:50:34.505 [main] GenericDAO - Searching for entity with username = kyang@hotmail.com
[DEBUG] 2018-12-13 00:50:34.521 [main] GenericDAO - Get unique entity UserRoleBean(id=1, userid=UserBean{id=1, username='kyang@hotmail.com', status='active', password='password1', firstname='kia', lastname='yang', middlename='ll', dateofbirth=9999-12-31, address='123 windsor st', state='ca', zipcode='53537', phone='6088888788'}, username=kyang@hotmail.com, userRole=admin)
[DEBUG] 2018-12-13 00:50:34.568 [main] GenericDAO - Insert entity UserRoleBean(id=40, userid=UserBean{id=65, username='kyang1@hotmail.com', status='active', password='password1', firstname='kia', lastname='yang', middlename='s', dateofbirth=1973-08-05, address='123 main st', state='wi', zipcode='53533', phone='608-888-8788'}, username=kyang1@hotmail.com, userRole=admin)
[DEBUG] 2018-12-13 00:50:34.583 [main] GenericDAO - Get entity by Id : UserRoleBean(id=40, userid=UserBean{id=65, username='kyang1@hotmail.com', status='active', password='password1', firstname='kia', lastname='yang', middlename='s', dateofbirth=1973-08-05, address='123 main st', state='wi', zipcode='53533', phone='608-888-8788'}, username=kyang1@hotmail.com, userRole=admin)
[DEBUG] 2018-12-13 00:50:34.693 [main] GenericDAO - Get all rows from entity : [UserRoleBean(id=1, userid=UserBean{id=1, username='kyang@hotmail.com', status='active', password='password1', firstname='kia', lastname='yang', middlename='ll', dateofbirth=9999-12-31, address='123 windsor st', state='ca', zipcode='53537', phone='6088888788'}, username=kyang@hotmail.com, userRole=admin), UserRoleBean(id=2, userid=UserBean{id=2, username='rtango@hotmail.com', status='active', password='password2', firstname='randy', lastname='tangelo', middlename='s', dateofbirth=1970-06-10, address='523 main st', state='wi', zipcode='53583', phone='608-999-8700'}, username=rtango@hotmail.com, userRole=admin), UserRoleBean(id=3, userid=UserBean{id=3, username='mjones@hotmail.com', status='inactive', password='password3', firstname='mary', lastname='jones', middlename='s', dateofbirth=1974-09-18, address='766 main st', state='wi', zipcode='53590', phone='608-997-8755'}, username=mjones@hotmail.com, userRole=registered), UserRoleBean(id=4, userid=UserBean{id=4, username='kterry@hotmail.com', status='inactive', password='password4', firstname='kerry', lastname='terry', middlename='s', dateofbirth=1977-05-08, address='339 main st', state='wi', zipcode='53599-5402', phone='608-997-8755'}, username=kterry@hotmail.com, userRole=member), UserRoleBean(id=5, userid=UserBean{id=5, username='shelm@hotmail.com', status='active', password='password2', firstname='stacy', lastname='helm', middlename='s', dateofbirth=1977-06-13, address='237 main st', state='wi', zipcode='77583', phone='608-999-8722'}, username=shelm@hotmail.com, userRole=member), UserRoleBean(id=8, userid=UserBean{id=8, username='tpot1@gmail.com', status='active', password='password1', firstname='tee', lastname='pot', middlename='ds', dateofbirth=1998-01-01, address='555 main st', state='wi', zipcode='535390', phone='5555555'}, username=tpot1@gmail.com, userRole=member), UserRoleBean(id=9, userid=UserBean{id=9, username='tpot2@gmail.com', status='active', password='password1', firstname='tee', lastname='pot', middlename='ds', dateofbirth=1998-01-01, address='555 main st', state='wi', zipcode='535390', phone='5555555'}, username=tpot2@gmail.com, userRole=member), UserRoleBean(id=10, userid=UserBean{id=10, username='tpot3@gmail.com', status='new', password='password1', firstname='tee', lastname='pot', middlename='ds', dateofbirth=1998-01-01, address='555 main st', state='wi', zipcode='535390', phone='5555555'}, username=tpot3@gmail.com, userRole=register), UserRoleBean(id=11, userid=UserBean{id=11, username='tpot4@gmail.com', status='new', password='password1', firstname='tee', lastname='pot', middlename='ds', dateofbirth=1998-01-01, address='555 main st', state='wi', zipcode='535390', phone='5555555'}, username=tpot4@gmail.com, userRole=register), UserRoleBean(id=12, userid=UserBean{id=12, username='tpot5@gmail.com', status='new', password='password1', firstname='tee', lastname='pot', middlename='ds', dateofbirth=1998-01-01, address='555 main st', state='wi', zipcode='535390', phone='5555555'}, username=tpot5@gmail.com, userRole=register), UserRoleBean(id=13, userid=UserBean{id=13, username='tpot6@gmail.com', status='new', password='password1', firstname='tee', lastname='pot', middlename='ds', dateofbirth=1998-01-01, address='555 main st', state='wi', zipcode='535390', phone='5555555'}, username=tpot6@gmail.com, userRole=register), UserRoleBean(id=14, userid=UserBean{id=14, username='tpot7@gmail.com', status='new', password='password1', firstname='tee', lastname='pot', middlename='ds', dateofbirth=1998-01-01, address='555 main st', state='wi', zipcode='535390', phone='5555555'}, username=tpot7@gmail.com, userRole=register), UserRoleBean(id=15, userid=UserBean{id=15, username='tpot8@gmail.com', status='new', password='password1', firstname='tee', lastname='pot', middlename='ds', dateofbirth=1998-01-01, address='555 main st', state='wi', zipcode='535390', phone='5555555'}, username=tpot8@gmail.com, userRole=register)]
[DEBUG] 2018-12-13 00:50:34.740 [main] GenericDAO - Searching for entity with username = kyang@hotmail.com
[DEBUG] 2018-12-13 00:50:34.786 [main] GenericDAO - Searching for Entity with userRole = %member%
[DEBUG] 2018-12-13 00:50:34.826 [main] GenericDAO - Get list by property like [UserRoleBean(id=4, userid=UserBean{id=4, username='kterry@hotmail.com', status='inactive', password='password4', firstname='kerry', lastname='terry', middlename='s', dateofbirth=1977-05-08, address='339 main st', state='wi', zipcode='53599-5402', phone='608-997-8755'}, username=kterry@hotmail.com, userRole=member), UserRoleBean(id=5, userid=UserBean{id=5, username='shelm@hotmail.com', status='active', password='password2', firstname='stacy', lastname='helm', middlename='s', dateofbirth=1977-06-13, address='237 main st', state='wi', zipcode='77583', phone='608-999-8722'}, username=shelm@hotmail.com, userRole=member), UserRoleBean(id=8, userid=UserBean{id=8, username='tpot1@gmail.com', status='active', password='password1', firstname='tee', lastname='pot', middlename='ds', dateofbirth=1998-01-01, address='555 main st', state='wi', zipcode='535390', phone='5555555'}, username=tpot1@gmail.com, userRole=member), UserRoleBean(id=9, userid=UserBean{id=9, username='tpot2@gmail.com', status='active', password='password1', firstname='tee', lastname='pot', middlename='ds', dateofbirth=1998-01-01, address='555 main st', state='wi', zipcode='535390', phone='5555555'}, username=tpot2@gmail.com, userRole=member)]
[DEBUG] 2018-12-13 00:50:34.864 [main] GenericDAO - Get entity by Id : UserRoleBean(id=1, userid=UserBean{id=1, username='kyang@hotmail.com', status='active', password='password1', firstname='kia', lastname='yang', middlename='ll', dateofbirth=9999-12-31, address='123 windsor st', state='ca', zipcode='53537', phone='6088888788'}, username=kyang@hotmail.com, userRole=admin)
[DEBUG] 2018-12-13 00:50:34.911 [main] GenericDAO - Searching for entity with username = kyang@hotmail.com
[DEBUG] 2018-12-13 00:50:34.927 [main] GenericDAO - Get entity by Id : UserRoleBean(id=1, userid=UserBean{id=1, username='kyang@hotmail.com', status='active', password='password1', firstname='kia', lastname='yang', middlename='ll', dateofbirth=9999-12-31, address='123 windsor st', state='ca', zipcode='53537', phone='6088888788'}, username=kyang@hotmail.com, userRole=admin)
[DEBUG] 2018-12-13 00:50:34.927 [main] GenericDAO - Save/update entity UserRoleBean(id=1, userid=UserBean{id=1, username='kyang@hotmail.com', status='active', password='password1', firstname='kia', lastname='yang', middlename='ll', dateofbirth=9999-12-31, address='123 windsor st', state='ca', zipcode='53537', phone='6088888788'}, username=kyang@hotmail.com, userRole=member)
[DEBUG] 2018-12-13 00:50:34.942 [main] GenericDAO - Get entity by Id : UserRoleBean(id=1, userid=UserBean{id=1, username='kyang@hotmail.com', status='active', password='password1', firstname='kia', lastname='yang', middlename='ll', dateofbirth=9999-12-31, address='123 windsor st', state='ca', zipcode='53537', phone='6088888788'}, username=kyang@hotmail.com, userRole=member)
[INFO ] 2018-12-13 00:51:08.022 [http-nio-8080-exec-8] SearchEventServlet - starting the Search Event Servlet
[INFO ] 2018-12-13 00:51:08.038 [http-nio-8080-exec-8] SearchEventServlet - Submit value: eventDescription  Search Term: aid
[DEBUG] 2018-12-13 00:51:11.727 [http-nio-8080-exec-8] GenericDAO - Searching for Entity with description = %aid%
[DEBUG] 2018-12-13 00:51:12.209 [http-nio-8080-exec-8] GenericDAO - Get list by property like [EventBean{event_id=2, event_userid='tpot2@gmail.com', description='kool aid', event_date=2018-01-10, event_fee=15}]
[INFO ] 2018-12-13 00:51:12.225 [http-nio-8080-exec-8] SearchEventServlet - Event found for User Description Like aidsize > 0
[DEBUG] 2018-12-13 00:53:43.975 [main] GenericDAO - Searching for entity with event_userid = pot3@gmail.com
[DEBUG] 2018-12-13 00:53:43.975 [main] GenericDAO - Searching for entity with description = knigh
[DEBUG] 2018-12-13 00:53:44.412 [main] GenericDAO - Get list by property like [EventBean{event_id=3, event_userid='tpot3@gmail.com', description='tim knight', event_date=2017-10-10, event_fee=15}]
[DEBUG] 2018-12-13 00:53:44.428 [main] GenericDAO - Searching for entity with event_userid = pot33@gmail.com
[DEBUG] 2018-12-13 00:53:44.428 [main] GenericDAO - Searching for entity with description = knigh
[DEBUG] 2018-12-13 00:53:44.428 [main] GenericDAO - Get list by property like []
[DEBUG] 2018-12-13 00:53:44.506 [main] GenericDAO - Get entity by Id : EventBean{event_id=3, event_userid='tpot3@gmail.com', description='tim knight', event_date=2017-10-10, event_fee=15}
[DEBUG] 2018-12-13 00:53:44.522 [main] GenericDAO - Deleted entity EventBean{event_id=3, event_userid='tpot3@gmail.com', description='tim knight', event_date=2017-10-10, event_fee=15}
[DEBUG] 2018-12-13 00:53:44.553 [main] GenericDAO - Get entity by Id : null
[DEBUG] 2018-12-13 00:53:44.615 [main] GenericDAO - Searching for entity with event_userid = tpot1@gmail.com
[DEBUG] 2018-12-13 00:53:44.631 [main] GenericDAO - Get unique entity EventBean{event_id=1, event_userid='tpot1@gmail.com', description='event 1', event_date=2018-09-10, event_fee=15}
[DEBUG] 2018-12-13 00:53:44.678 [main] GenericDAO - Get all rows from entity : [EventBean{event_id=1, event_userid='tpot1@gmail.com', description='event 1', event_date=2018-09-10, event_fee=15}, EventBean{event_id=2, event_userid='tpot2@gmail.com', description='kool aid', event_date=2018-01-10, event_fee=15}, EventBean{event_id=3, event_userid='tpot3@gmail.com', description='tim knight', event_date=2017-10-10, event_fee=15}]
[DEBUG] 2018-12-13 00:53:44.725 [main] GenericDAO - Searching for entity with event_userid = tpot2@gmail.com
[DEBUG] 2018-12-13 00:53:44.772 [main] GenericDAO - Searching for Entity with description = %knigh%
[DEBUG] 2018-12-13 00:53:44.787 [main] GenericDAO - Get list by property like [EventBean{event_id=3, event_userid='tpot3@gmail.com', description='tim knight', event_date=2017-10-10, event_fee=15}]
[DEBUG] 2018-12-13 00:53:44.787 [main] GenericDAO - Searching for Entity with event_userid = %tpot3@gmail.com%
[DEBUG] 2018-12-13 00:53:44.803 [main] GenericDAO - Get list by property like [EventBean{event_id=3, event_userid='tpot3@gmail.com', description='tim knight', event_date=2017-10-10, event_fee=15}]
[DEBUG] 2018-12-13 00:53:44.803 [main] GenericDAO - Searching for Entity with event_userid = %tpot33@gmail.com%
[DEBUG] 2018-12-13 00:53:44.803 [main] GenericDAO - Get list by property like []
[DEBUG] 2018-12-13 00:53:44.850 [main] GenericDAO - Get entity by Id : EventBean{event_id=1, event_userid='tpot1@gmail.com', description='event 1', event_date=2018-09-10, event_fee=15}
[DEBUG] 2018-12-13 00:53:44.912 [main] GenericDAO - Get entity by Id : EventBean{event_id=1, event_userid='tpot1@gmail.com', description='event 1', event_date=2018-09-10, event_fee=15}
[DEBUG] 2018-12-13 00:53:44.912 [main] GenericDAO - Save/update entity EventBean{event_id=1, event_userid='tpot1@gmail.com', description='Update Event to different event', event_date=2018-03-13, event_fee=15}
[DEBUG] 2018-12-13 00:53:44.928 [main] GenericDAO - Get entity by Id : EventBean{event_id=1, event_userid='tpot1@gmail.com', description='Update Event to different event', event_date=2018-03-13, event_fee=15}
[DEBUG] 2018-12-13 00:53:44.990 [main] GenericDAO - Insert entity EventBean{event_id=31, event_userid='tpot4@gmail.com', description='event 4', event_date=2018-09-10, event_fee=15.9900000000000002131628207280300557613372802734375}
[DEBUG] 2018-12-13 00:53:45.006 [main] GenericDAO - Get entity by Id : EventBean{event_id=31, event_userid='tpot4@gmail.com', description='event 4', event_date=2018-09-10, event_fee=16}
[DEBUG] 2018-12-13 00:53:45.068 [main] GenericDAO - Get entity by Id : UserBean{id=5, username='shelm@hotmail.com', status='active', password='password2', firstname='stacy', lastname='helm', middlename='s', dateofbirth=1977-06-13, address='237 main st', state='wi', zipcode='77583', phone='608-999-8722'}
[DEBUG] 2018-12-13 00:53:45.084 [main] GenericDAO - Deleted entity UserBean{id=5, username='shelm@hotmail.com', status='active', password='password2', firstname='stacy', lastname='helm', middlename='s', dateofbirth=1977-06-13, address='237 main st', state='wi', zipcode='77583', phone='608-999-8722'}
[DEBUG] 2018-12-13 00:53:45.100 [main] GenericDAO - Get entity by Id : null
[DEBUG] 2018-12-13 00:53:45.146 [main] GenericDAO - Searching for entity with username = kyang@hotmail.com
[DEBUG] 2018-12-13 00:53:45.162 [main] GenericDAO - Get unique entity UserBean{id=1, username='kyang@hotmail.com', status='active', password='password1', firstname='kia', lastname='yang', middlename='ll', dateofbirth=9999-12-31, address='123 windsor st', state='ca', zipcode='53537', phone='6088888788'}
[DEBUG] 2018-12-13 00:53:45.271 [main] GenericDAO - Get all rows from entity : [UserBean{id=1, username='kyang@hotmail.com', status='active', password='password1', firstname='kia', lastname='yang', middlename='ll', dateofbirth=9999-12-31, address='123 windsor st', state='ca', zipcode='53537', phone='6088888788'}, UserBean{id=2, username='rtango@hotmail.com', status='active', password='password2', firstname='randy', lastname='tangelo', middlename='s', dateofbirth=1970-06-10, address='523 main st', state='wi', zipcode='53583', phone='608-999-8700'}, UserBean{id=3, username='mjones@hotmail.com', status='inactive', password='password3', firstname='mary', lastname='jones', middlename='s', dateofbirth=1974-09-18, address='766 main st', state='wi', zipcode='53590', phone='608-997-8755'}, UserBean{id=4, username='kterry@hotmail.com', status='inactive', password='password4', firstname='kerry', lastname='terry', middlename='s', dateofbirth=1977-05-08, address='339 main st', state='wi', zipcode='53599-5402', phone='608-997-8755'}, UserBean{id=5, username='shelm@hotmail.com', status='active', password='password2', firstname='stacy', lastname='helm', middlename='s', dateofbirth=1977-06-13, address='237 main st', state='wi', zipcode='77583', phone='608-999-8722'}, UserBean{id=8, username='tpot1@gmail.com', status='active', password='password1', firstname='tee', lastname='pot', middlename='ds', dateofbirth=1998-01-01, address='555 main st', state='wi', zipcode='535390', phone='5555555'}, UserBean{id=9, username='tpot2@gmail.com', status='active', password='password1', firstname='tee', lastname='pot', middlename='ds', dateofbirth=1998-01-01, address='555 main st', state='wi', zipcode='535390', phone='5555555'}, UserBean{id=10, username='tpot3@gmail.com', status='new', password='password1', firstname='tee', lastname='pot', middlename='ds', dateofbirth=1998-01-01, address='555 main st', state='wi', zipcode='535390', phone='5555555'}, UserBean{id=11, username='tpot4@gmail.com', status='new', password='password1', firstname='tee', lastname='pot', middlename='ds', dateofbirth=1998-01-01, address='555 main st', state='wi', zipcode='535390', phone='5555555'}, UserBean{id=12, username='tpot5@gmail.com', status='new', password='password1', firstname='tee', lastname='pot', middlename='ds', dateofbirth=1998-01-01, address='555 main st', state='wi', zipcode='535390', phone='5555555'}, UserBean{id=13, username='tpot6@gmail.com', status='new', password='password1', firstname='tee', lastname='pot', middlename='ds', dateofbirth=1998-01-01, address='555 main st', state='wi', zipcode='535390', phone='5555555'}, UserBean{id=14, username='tpot7@gmail.com', status='new', password='password1', firstname='tee', lastname='pot', middlename='ds', dateofbirth=1998-01-01, address='555 main st', state='wi', zipcode='535390', phone='5555555'}, UserBean{id=15, username='tpot8@gmail.com', status='new', password='password1', firstname='tee', lastname='pot', middlename='ds', dateofbirth=1998-01-01, address='555 main st', state='wi', zipcode='535390', phone='5555555'}]
[DEBUG] 2018-12-13 00:53:45.303 [main] GenericDAO - Searching for entity with firstname = kia
[DEBUG] 2018-12-13 00:53:45.350 [main] GenericDAO - Searching for Entity with lastname = %yang%
[DEBUG] 2018-12-13 00:53:45.365 [main] GenericDAO - Get list by property like [UserBean{id=1, username='kyang@hotmail.com', status='active', password='password1', firstname='kia', lastname='yang', middlename='ll', dateofbirth=9999-12-31, address='123 windsor st', state='ca', zipcode='53537', phone='6088888788'}]
[DEBUG] 2018-12-13 00:53:45.412 [main] GenericDAO - Get entity by Id : UserBean{id=1, username='kyang@hotmail.com', status='active', password='password1', firstname='kia', lastname='yang', middlename='ll', dateofbirth=9999-12-31, address='123 windsor st', state='ca', zipcode='53537', phone='6088888788'}
[DEBUG] 2018-12-13 00:53:45.459 [main] GenericDAO - Get entity by Id : UserBean{id=5, username='shelm@hotmail.com', status='active', password='password2', firstname='stacy', lastname='helm', middlename='s', dateofbirth=1977-06-13, address='237 main st', state='wi', zipcode='77583', phone='608-999-8722'}
[DEBUG] 2018-12-13 00:53:45.459 [main] GenericDAO - Save/update entity UserBean{id=5, username='shelm@hotmail.com', status='active', password='password2', firstname='stacy', lastname='Davis', middlename='s', dateofbirth=1977-06-13, address='237 main st', state='wi', zipcode='77583', phone='608-999-8722'}
[DEBUG] 2018-12-13 00:53:45.475 [main] GenericDAO - Get entity by Id : UserBean{id=5, username='shelm@hotmail.com', status='active', password='password2', firstname='stacy', lastname='Davis', middlename='s', dateofbirth=1977-06-13, address='237 main st', state='wi', zipcode='77583', phone='608-999-8722'}
[DEBUG] 2018-12-13 00:53:45.506 [main] GenericDAO - Insert entity UserBean{id=66, username='tmocha@gmail.com', status='active', password='password6', firstname='Tina', lastname='Mocha', middlename='L', dateofbirth=1968-01-01, address='34233 Sate St', state='WI', zipcode='24323', phone='6898889898'}
[DEBUG] 2018-12-13 00:53:45.521 [main] GenericDAO - Get entity by Id : UserBean{id=66, username='tmocha@gmail.com', status='active', password='password6', firstname='Tina', lastname='Mocha', middlename='L', dateofbirth=1968-01-01, address='34233 Sate St', state='WI', zipcode='24323', phone='6898889898'}
[DEBUG] 2018-12-13 00:53:45.584 [main] GenericDAO - Get entity by Id : UserRoleBean(id=5, userid=UserBean{id=5, username='shelm@hotmail.com', status='active', password='password2', firstname='stacy', lastname='helm', middlename='s', dateofbirth=1977-06-13, address='237 main st', state='wi', zipcode='77583', phone='608-999-8722'}, username=shelm@hotmail.com, userRole=member)
[DEBUG] 2018-12-13 00:53:45.584 [main] GenericDAO - Deleted entity UserRoleBean(id=5, userid=UserBean{id=5, username='shelm@hotmail.com', status='active', password='password2', firstname='stacy', lastname='helm', middlename='s', dateofbirth=1977-06-13, address='237 main st', state='wi', zipcode='77583', phone='608-999-8722'}, username=shelm@hotmail.com, userRole=member)
[DEBUG] 2018-12-13 00:53:45.584 [main] GenericDAO - Get entity by Id : null
[DEBUG] 2018-12-13 00:53:45.631 [main] GenericDAO - Searching for entity with username = kyang@hotmail.com
[DEBUG] 2018-12-13 00:53:45.646 [main] GenericDAO - Get unique entity UserRoleBean(id=1, userid=UserBean{id=1, username='kyang@hotmail.com', status='active', password='password1', firstname='kia', lastname='yang', middlename='ll', dateofbirth=9999-12-31, address='123 windsor st', state='ca', zipcode='53537', phone='6088888788'}, username=kyang@hotmail.com, userRole=admin)
[DEBUG] 2018-12-13 00:53:45.709 [main] GenericDAO - Insert entity UserRoleBean(id=41, userid=UserBean{id=67, username='kyang1@hotmail.com', status='active', password='password1', firstname='kia', lastname='yang', middlename='s', dateofbirth=1973-08-05, address='123 main st', state='wi', zipcode='53533', phone='608-888-8788'}, username=kyang1@hotmail.com, userRole=admin)
[DEBUG] 2018-12-13 00:53:45.724 [main] GenericDAO - Get entity by Id : UserRoleBean(id=41, userid=UserBean{id=67, username='kyang1@hotmail.com', status='active', password='password1', firstname='kia', lastname='yang', middlename='s', dateofbirth=1973-08-05, address='123 main st', state='wi', zipcode='53533', phone='608-888-8788'}, username=kyang1@hotmail.com, userRole=admin)
[DEBUG] 2018-12-13 00:53:45.849 [main] GenericDAO - Get all rows from entity : [UserRoleBean(id=1, userid=UserBean{id=1, username='kyang@hotmail.com', status='active', password='password1', firstname='kia', lastname='yang', middlename='ll', dateofbirth=9999-12-31, address='123 windsor st', state='ca', zipcode='53537', phone='6088888788'}, username=kyang@hotmail.com, userRole=admin), UserRoleBean(id=2, userid=UserBean{id=2, username='rtango@hotmail.com', status='active', password='password2', firstname='randy', lastname='tangelo', middlename='s', dateofbirth=1970-06-10, address='523 main st', state='wi', zipcode='53583', phone='608-999-8700'}, username=rtango@hotmail.com, userRole=admin), UserRoleBean(id=3, userid=UserBean{id=3, username='mjones@hotmail.com', status='inactive', password='password3', firstname='mary', lastname='jones', middlename='s', dateofbirth=1974-09-18, address='766 main st', state='wi', zipcode='53590', phone='608-997-8755'}, username=mjones@hotmail.com, userRole=registered), UserRoleBean(id=4, userid=UserBean{id=4, username='kterry@hotmail.com', status='inactive', password='password4', firstname='kerry', lastname='terry', middlename='s', dateofbirth=1977-05-08, address='339 main st', state='wi', zipcode='53599-5402', phone='608-997-8755'}, username=kterry@hotmail.com, userRole=member), UserRoleBean(id=5, userid=UserBean{id=5, username='shelm@hotmail.com', status='active', password='password2', firstname='stacy', lastname='helm', middlename='s', dateofbirth=1977-06-13, address='237 main st', state='wi', zipcode='77583', phone='608-999-8722'}, username=shelm@hotmail.com, userRole=member), UserRoleBean(id=8, userid=UserBean{id=8, username='tpot1@gmail.com', status='active', password='password1', firstname='tee', lastname='pot', middlename='ds', dateofbirth=1998-01-01, address='555 main st', state='wi', zipcode='535390', phone='5555555'}, username=tpot1@gmail.com, userRole=member), UserRoleBean(id=9, userid=UserBean{id=9, username='tpot2@gmail.com', status='active', password='password1', firstname='tee', lastname='pot', middlename='ds', dateofbirth=1998-01-01, address='555 main st', state='wi', zipcode='535390', phone='5555555'}, username=tpot2@gmail.com, userRole=member), UserRoleBean(id=10, userid=UserBean{id=10, username='tpot3@gmail.com', status='new', password='password1', firstname='tee', lastname='pot', middlename='ds', dateofbirth=1998-01-01, address='555 main st', state='wi', zipcode='535390', phone='5555555'}, username=tpot3@gmail.com, userRole=register), UserRoleBean(id=11, userid=UserBean{id=11, username='tpot4@gmail.com', status='new', password='password1', firstname='tee', lastname='pot', middlename='ds', dateofbirth=1998-01-01, address='555 main st', state='wi', zipcode='535390', phone='5555555'}, username=tpot4@gmail.com, userRole=register), UserRoleBean(id=12, userid=UserBean{id=12, username='tpot5@gmail.com', status='new', password='password1', firstname='tee', lastname='pot', middlename='ds', dateofbirth=1998-01-01, address='555 main st', state='wi', zipcode='535390', phone='5555555'}, username=tpot5@gmail.com, userRole=register), UserRoleBean(id=13, userid=UserBean{id=13, username='tpot6@gmail.com', status='new', password='password1', firstname='tee', lastname='pot', middlename='ds', dateofbirth=1998-01-01, address='555 main st', state='wi', zipcode='535390', phone='5555555'}, username=tpot6@gmail.com, userRole=register), UserRoleBean(id=14, userid=UserBean{id=14, username='tpot7@gmail.com', status='new', password='password1', firstname='tee', lastname='pot', middlename='ds', dateofbirth=1998-01-01, address='555 main st', state='wi', zipcode='535390', phone='5555555'}, username=tpot7@gmail.com, userRole=register), UserRoleBean(id=15, userid=UserBean{id=15, username='tpot8@gmail.com', status='new', password='password1', firstname='tee', lastname='pot', middlename='ds', dateofbirth=1998-01-01, address='555 main st', state='wi', zipcode='535390', phone='5555555'}, username=tpot8@gmail.com, userRole=register)]
[DEBUG] 2018-12-13 00:53:45.896 [main] GenericDAO - Searching for entity with username = kyang@hotmail.com
[DEBUG] 2018-12-13 00:53:45.943 [main] GenericDAO - Searching for Entity with userRole = %member%
[DEBUG] 2018-12-13 00:53:45.974 [main] GenericDAO - Get list by property like [UserRoleBean(id=4, userid=UserBean{id=4, username='kterry@hotmail.com', status='inactive', password='password4', firstname='kerry', lastname='terry', middlename='s', dateofbirth=1977-05-08, address='339 main st', state='wi', zipcode='53599-5402', phone='608-997-8755'}, username=kterry@hotmail.com, userRole=member), UserRoleBean(id=5, userid=UserBean{id=5, username='shelm@hotmail.com', status='active', password='password2', firstname='stacy', lastname='helm', middlename='s', dateofbirth=1977-06-13, address='237 main st', state='wi', zipcode='77583', phone='608-999-8722'}, username=shelm@hotmail.com, userRole=member), UserRoleBean(id=8, userid=UserBean{id=8, username='tpot1@gmail.com', status='active', password='password1', firstname='tee', lastname='pot', middlename='ds', dateofbirth=1998-01-01, address='555 main st', state='wi', zipcode='535390', phone='5555555'}, username=tpot1@gmail.com, userRole=member), UserRoleBean(id=9, userid=UserBean{id=9, username='tpot2@gmail.com', status='active', password='password1', firstname='tee', lastname='pot', middlename='ds', dateofbirth=1998-01-01, address='555 main st', state='wi', zipcode='535390', phone='5555555'}, username=tpot2@gmail.com, userRole=member)]
[DEBUG] 2018-12-13 00:53:46.021 [main] GenericDAO - Get entity by Id : UserRoleBean(id=1, userid=UserBean{id=1, username='kyang@hotmail.com', status='active', password='password1', firstname='kia', lastname='yang', middlename='ll', dateofbirth=9999-12-31, address='123 windsor st', state='ca', zipcode='53537', phone='6088888788'}, username=kyang@hotmail.com, userRole=admin)
[DEBUG] 2018-12-13 00:53:46.053 [main] GenericDAO - Searching for entity with username = kyang@hotmail.com
[DEBUG] 2018-12-13 00:53:46.084 [main] GenericDAO - Get entity by Id : UserRoleBean(id=1, userid=UserBean{id=1, username='kyang@hotmail.com', status='active', password='password1', firstname='kia', lastname='yang', middlename='ll', dateofbirth=9999-12-31, address='123 windsor st', state='ca', zipcode='53537', phone='6088888788'}, username=kyang@hotmail.com, userRole=admin)
[DEBUG] 2018-12-13 00:53:46.084 [main] GenericDAO - Save/update entity UserRoleBean(id=1, userid=UserBean{id=1, username='kyang@hotmail.com', status='active', password='password1', firstname='kia', lastname='yang', middlename='ll', dateofbirth=9999-12-31, address='123 windsor st', state='ca', zipcode='53537', phone='6088888788'}, username=kyang@hotmail.com, userRole=member)
[DEBUG] 2018-12-13 00:53:46.099 [main] GenericDAO - Get entity by Id : UserRoleBean(id=1, userid=UserBean{id=1, username='kyang@hotmail.com', status='active', password='password1', firstname='kia', lastname='yang', middlename='ll', dateofbirth=9999-12-31, address='123 windsor st', state='ca', zipcode='53537', phone='6088888788'}, username=kyang@hotmail.com, userRole=member)
[INFO ] 2018-12-13 00:54:26.177 [http-nio-8080-exec-1] SearchEventServlet - starting the Search Event Servlet
[INFO ] 2018-12-13 00:54:26.193 [http-nio-8080-exec-1] SearchEventServlet - Submit value: eventDescription  Search Term: aid
[DEBUG] 2018-12-13 00:54:30.350 [http-nio-8080-exec-1] GenericDAO - Searching for Entity with description = %aid%
[DEBUG] 2018-12-13 00:54:30.952 [http-nio-8080-exec-1] GenericDAO - Get list by property like [EventBean{event_id=2, event_userid='tpot2@gmail.com', description='kool aid', event_date=2018-01-10, event_fee=15}]
[INFO ] 2018-12-13 00:54:30.952 [http-nio-8080-exec-1] SearchEventServlet - Event found for User Description Like aidsize > 0
[INFO ] 2018-12-13 00:55:01.131 [http-nio-8080-exec-6] AddEventServlet - starting the Add Event Servlet
[DEBUG] 2018-12-13 00:55:01.147 [http-nio-8080-exec-6] GenericDAO - Searching for entity with username = tpot5@gmail.com
[INFO ] 2018-12-13 00:55:01.209 [http-nio-8080-exec-6] AddEventServlet - Users Boolean = 1
[DEBUG] 2018-12-13 00:55:01.209 [http-nio-8080-exec-6] GenericDAO - Searching for entity with event_userid = tpot5@gmail.com
[INFO ] 2018-12-13 00:55:01.209 [http-nio-8080-exec-6] AddEventServlet - Events Boolean = 0
[DEBUG] 2018-12-13 00:55:01.256 [http-nio-8080-exec-6] GenericDAO - Insert entity EventBean{event_id=14, event_userid='tpot5@gmail.com', description='new event 5 added 12-13', event_date=2018-12-01, event_fee=15.95}
[DEBUG] 2018-12-13 00:55:01.303 [http-nio-8080-exec-6] GenericDAO - Get entity by Id : UserBean{id=12, username='tpot5@gmail.com', status='new', password='password1', firstname='tee', lastname='pot', middlename='ds', dateofbirth=1998-01-01, address='555 main st', state='wi', zipcode='535390', phone='5555555'}
[INFO ] 2018-12-13 00:55:01.303 [http-nio-8080-exec-6] AddEventServlet - User Status Before update = new
[INFO ] 2018-12-13 00:56:21.818 [http-nio-8080-exec-10] AddEventServlet - starting the Add Event Servlet
[DEBUG] 2018-12-13 00:56:21.818 [http-nio-8080-exec-10] GenericDAO - Searching for entity with username = tpot5@gmail.com
[INFO ] 2018-12-13 00:56:21.833 [http-nio-8080-exec-10] AddEventServlet - Users Boolean = 1
[DEBUG] 2018-12-13 00:56:21.833 [http-nio-8080-exec-10] GenericDAO - Searching for entity with event_userid = tpot5@gmail.com
[INFO ] 2018-12-13 00:56:48.006 [http-nio-8080-exec-8] SearchEventServlet - starting the Search Event Servlet
[INFO ] 2018-12-13 00:56:48.006 [http-nio-8080-exec-8] SearchEventServlet - Submit value: username  Search Term: tpot5@gmail.com
[INFO ] 2018-12-13 00:56:48.006 [http-nio-8080-exec-8] SearchEventServlet - Search by username!
[INFO ] 2018-12-13 00:56:48.006 [http-nio-8080-exec-8] SearchEventServlet - Submit value: username  Search Term: tpot5@gmail.com
[DEBUG] 2018-12-13 00:56:48.006 [http-nio-8080-exec-8] GenericDAO - Searching for entity with event_userid = tpot5@gmail.com
[INFO ] 2018-12-13 00:56:48.006 [http-nio-8080-exec-8] SearchEventServlet - Event found for User Id tpot5@gmail.comsize > 0
