[ERROR] 2018-10-16 18:34:49.802 [main] Database - java.sql.SQLException: Can not issue empty query.
[ERROR] 2018-10-16 18:37:31.044 [main] Database - java.sql.SQLException: Can not issue empty query.
[ERROR] 2018-10-16 18:37:56.231 [main] Database - java.sql.SQLException: Can not issue empty query.
[ERROR] 2018-10-16 18:39:21.337 [main] Database - java.sql.SQLException: Can not issue empty query.
[ERROR] 2018-10-16 18:41:24.797 [main] Database - java.sql.SQLException: Can not issue empty query.
[ERROR] 2018-10-16 18:51:27.856 [main] Database - java.sql.SQLException: Can not issue empty query.
[DEBUG] 2018-10-16 18:51:30.918 [main] GenericDAO - Get all rows from entity : []
[ERROR] 2018-10-16 18:51:30.985 [main] Database - java.sql.SQLException: Can not issue empty query.
[ERROR] 2018-10-16 18:59:33.302 [main] Database - java.sql.SQLException: Can not issue empty query.
[ERROR] 2018-10-16 19:10:53.920 [main] Database - java.sql.SQLException: Can not issue empty query.
[ERROR] 2018-10-16 19:11:36.169 [main] Database - java.sql.SQLException: Can not issue empty query.
[ERROR] 2018-10-16 19:26:22.945 [main] Database - java.sql.SQLException: Can not issue empty query.
[DEBUG] 2018-10-16 19:26:28.011 [main] GenericDAO - Get all rows from entity : [Author{id=1, firstName='Kathy', lastName='Sierra'}, Author{id=2, firstName='Herbert', lastName='Schilt'}, Author{id=3, firstName='Joseph', lastName='Ottinger'}]
[ERROR] 2018-10-16 19:26:44.933 [main] Database - java.sql.SQLException: Can not issue empty query.
[DEBUG] 2018-10-16 19:26:48.346 [main] GenericDAO - Get all rows from entity : [Book{title='Head First Java, 2nd Edition', authorid=1, id=1, isbn='978-0596009205', publicationYear=2005, author=Author{id=1, firstName='Kathy', lastName='Sierra'}}, Book{title='Beginning Hibernate', authorid=3, id=2, isbn='978-1-4842-2319-2', publicationYear=2016, author=Author{id=3, firstName='Joseph', lastName='Ottinger'}}, Book{title='Java: A Beginner’s Guide (Sixth Edition)', authorid=2, id=3, isbn='978-0071809252', publicationYear=2014, author=Author{id=2, firstName='Herbert', lastName='Schilt'}}, Book{title='my book', authorid=1, id=5, isbn='879732be', publicationYear=2018, author=Author{id=1, firstName='Kathy', lastName='Sierra'}}]
[ERROR] 2018-10-16 19:27:28.395 [main] Database - java.sql.SQLException: Can not issue empty query.
[DEBUG] 2018-10-16 19:27:31.740 [main] GenericDAO - Get all rows from entity : [Book{title='Head First Java, 2nd Edition', authorid=1, id=1, isbn='978-0596009205', publicationYear=2005, author=Author{id=1, firstName='Kathy', lastName='Sierra'}}, Book{title='Beginning Hibernate', authorid=3, id=2, isbn='978-1-4842-2319-2', publicationYear=2016, author=Author{id=3, firstName='Joseph', lastName='Ottinger'}}, Book{title='Java: A Beginner’s Guide (Sixth Edition)', authorid=2, id=3, isbn='978-0071809252', publicationYear=2014, author=Author{id=2, firstName='Herbert', lastName='Schilt'}}, Book{title='my book', authorid=1, id=5, isbn='879732be', publicationYear=2018, author=Author{id=1, firstName='Kathy', lastName='Sierra'}}]
[ERROR] 2018-10-16 21:33:01.604 [main] Database - java.sql.SQLException: Can not issue empty query.
[DEBUG] 2018-10-16 21:33:05.531 [main] GenericDAO - Get all rows from entity : [Book{title='Head First Java, 2nd Edition', authorid=1, id=1, isbn='978-0596009205', publicationYear=2005, author=Author{id=1, firstName='Kathy', lastName='Sierra'}}, Book{title='Beginning Hibernate', authorid=3, id=2, isbn='978-1-4842-2319-2', publicationYear=2016, author=Author{id=3, firstName='Joseph', lastName='Ottinger'}}, Book{title='Java: A Beginner’s Guide (Sixth Edition)', authorid=2, id=3, isbn='978-0071809252', publicationYear=2014, author=Author{id=2, firstName='Herbert', lastName='Schilt'}}, Book{title='my book', authorid=1, id=5, isbn='879732be', publicationYear=2018, author=Author{id=1, firstName='Kathy', lastName='Sierra'}}]
[ERROR] 2018-10-16 21:45:12.125 [main] Database - java.sql.SQLException: Can not issue empty query.
[DEBUG] 2018-10-16 21:45:15.951 [main] GenericDAO - Get all rows from entity : []
[ERROR] 2018-10-16 21:45:16.027 [main] Database - java.sql.SQLException: Can not issue empty query.
[ERROR] 2018-10-16 22:08:22.576 [main] Database - java.sql.SQLException: Can not issue empty query.
[DEBUG] 2018-10-16 22:08:26.037 [main] GenericDAO - Get all rows from entity : []
[ERROR] 2018-10-16 22:50:50.400 [main] Database - java.sql.SQLException: Can not issue empty query.
[ERROR] 2018-10-16 22:50:54.154 [main] Database - java.sql.SQLException: Can not issue empty query.
[ERROR] 2018-10-16 22:51:57.149 [main] Database - java.sql.SQLException: Can not issue empty query.
[DEBUG] 2018-10-16 22:52:00.455 [main] GenericDAO - Get all rows from entity : [Author{id=1, firstName='Kathy', lastName='Sierra'}, Author{id=2, firstName='Herbert', lastName='Schilt'}, Author{id=3, firstName='Joseph', lastName='Ottinger'}]
[ERROR] 2018-10-16 22:52:00.503 [main] Database - java.sql.SQLException: Can not issue empty query.
[ERROR] 2018-10-16 22:54:51.005 [main] Database - java.sql.SQLException: Can not issue empty query.
[ERROR] 2018-10-16 23:08:03.852 [main] Database - java.sql.SQLException: Can not issue empty query.
[ERROR] 2018-10-16 23:17:19.110 [main] Database - java.sql.SQLException: Can not issue empty query.
[ERROR] 2018-10-16 23:21:30.106 [main] Database - java.sql.SQLException: Can not issue empty query.
[ERROR] 2018-10-16 23:29:19.646 [main] Database - java.sql.SQLException: Can not issue empty query.
[ERROR] 2018-10-16 23:58:32.300 [main] Database - java.sql.SQLException: Can not issue empty query.
[DEBUG] 2018-10-16 23:58:36.763 [main] GenericDAO - Get all rows from entity : [UserBean{id=1, username='kyang@hotmail.com', status='active', password='password1', firstname='kia', lastname='yang', suffix='s', dateofbirth=1973-08-05 00:00:00.0, address='123 main st', state='wi', zipcode='53533', phone='608-888-8788'}, UserBean{id=2, username='rtango@hotmail.com', status='active', password='password2', firstname='ram', lastname='tango', suffix='s', dateofbirth=1970-06-10 00:00:00.0, address='523 main st', state='wi', zipcode='53583', phone='608-999-8700'}, UserBean{id=3, username='mjones@hotmail.com', status='inactive', password='password3', firstname='mary', lastname='jones', suffix='s', dateofbirth=1974-09-18 00:00:00.0, address='766 main st', state='wi', zipcode='53590', phone='608-997-8755'}, UserBean{id=4, username='kterry@hotmail.com', status='inactive', password='password4', firstname='kerry', lastname='terry', suffix='s', dateofbirth=1977-05-08 00:00:00.0, address='339 main st', state='wi', zipcode='53599-5402', phone='608-997-8755'}, UserBean{id=5, username='shelm@hotmail.com', status='active', password='password2', firstname='stacy', lastname='helm', suffix='s', dateofbirth=1977-06-13 00:00:00.0, address='237 main st', state='wi', zipcode='77583', phone='608-999-8722'}]
[ERROR] 2018-10-16 23:58:50.600 [main] Database - java.sql.SQLException: Can not issue empty query.
[DEBUG] 2018-10-16 23:58:53.613 [main] GenericDAO - Get all rows from entity : [UserBean{id=1, username='kyang@hotmail.com', status='active', password='password1', firstname='kia', lastname='yang', suffix='s', dateofbirth=1973-08-05 00:00:00.0, address='123 main st', state='wi', zipcode='53533', phone='608-888-8788'}, UserBean{id=2, username='rtango@hotmail.com', status='active', password='password2', firstname='ram', lastname='tango', suffix='s', dateofbirth=1970-06-10 00:00:00.0, address='523 main st', state='wi', zipcode='53583', phone='608-999-8700'}, UserBean{id=3, username='mjones@hotmail.com', status='inactive', password='password3', firstname='mary', lastname='jones', suffix='s', dateofbirth=1974-09-18 00:00:00.0, address='766 main st', state='wi', zipcode='53590', phone='608-997-8755'}, UserBean{id=4, username='kterry@hotmail.com', status='inactive', password='password4', firstname='kerry', lastname='terry', suffix='s', dateofbirth=1977-05-08 00:00:00.0, address='339 main st', state='wi', zipcode='53599-5402', phone='608-997-8755'}, UserBean{id=5, username='shelm@hotmail.com', status='active', password='password2', firstname='stacy', lastname='helm', suffix='s', dateofbirth=1977-06-13 00:00:00.0, address='237 main st', state='wi', zipcode='77583', phone='608-999-8722'}]
[ERROR] 2018-10-16 23:58:53.692 [main] Database - java.sql.SQLException: Can not issue empty query.
[ERROR] 2018-10-16 23:59:21.117 [main] Database - java.sql.SQLException: Can not issue empty query.
[ERROR] 2018-10-17 15:01:36.949 [main] Database - java.sql.SQLException: Can not issue empty query.
[ERROR] 2018-10-17 15:07:16.167 [main] Database - java.sql.SQLException: Can not issue empty query.
[ERROR] 2018-10-17 15:07:49.941 [main] Database - java.sql.SQLException: Can not issue empty query.
[DEBUG] 2018-10-17 15:07:53.016 [main] GenericDAO - Get all rows from entity : [UserBean{id=1, username='kyang@hotmail.com', status='active', password='password1', firstname='kia', lastname='yang', suffix='s', dateofbirth=1973-08-05, address='123 main st', state='wi', zipcode='53533', phone='608-888-8788'}, UserBean{id=2, username='rtango@hotmail.com', status='active', password='password2', firstname='ram', lastname='tango', suffix='s', dateofbirth=1970-06-10, address='523 main st', state='wi', zipcode='53583', phone='608-999-8700'}, UserBean{id=3, username='mjones@hotmail.com', status='inactive', password='password3', firstname='mary', lastname='jones', suffix='s', dateofbirth=1974-09-18, address='766 main st', state='wi', zipcode='53590', phone='608-997-8755'}, UserBean{id=4, username='kterry@hotmail.com', status='inactive', password='password4', firstname='kerry', lastname='terry', suffix='s', dateofbirth=1977-05-08, address='339 main st', state='wi', zipcode='53599-5402', phone='608-997-8755'}, UserBean{id=5, username='shelm@hotmail.com', status='active', password='password2', firstname='stacy', lastname='helm', suffix='s', dateofbirth=1977-06-13, address='237 main st', state='wi', zipcode='77583', phone='608-999-8722'}]
[ERROR] 2018-10-17 15:07:53.078 [main] Database - java.sql.SQLException: Can not issue empty query.
[ERROR] 2018-10-17 15:07:53.125 [main] Database - java.sql.SQLException: Can not issue empty query.
[ERROR] 2018-10-17 15:12:34.968 [main] Database - java.sql.SQLException: Can not issue empty query.
[ERROR] 2018-10-17 15:15:31.141 [main] Database - java.sql.SQLException: Can not issue empty query.
[ERROR] 2018-10-17 15:23:55.870 [main] Database - java.sql.SQLException: Can not issue empty query.
[ERROR] 2018-10-17 15:24:49.634 [main] Database - java.sql.SQLException: Can not issue empty query.
[ERROR] 2018-10-17 15:29:40.955 [main] Database - java.sql.SQLException: Can not issue empty query.
[ERROR] 2018-10-17 15:34:18.809 [main] Database - java.sql.SQLException: Can not issue empty query.
[ERROR] 2018-10-17 15:35:07.623 [main] Database - java.sql.SQLException: Can not issue empty query.
[ERROR] 2018-10-17 15:39:11.526 [main] Database - java.sql.SQLException: Can not issue empty query.
[DEBUG] 2018-10-17 15:39:14.398 [main] GenericDAO - Searching for Order with lastname = %yang%
[ERROR] 2018-10-17 15:40:53.338 [main] Database - java.sql.SQLException: Can not issue empty query.
[DEBUG] 2018-10-17 15:40:56.231 [main] GenericDAO - Searching for Order with lastname = %yang%
[ERROR] 2018-10-17 15:42:27.793 [main] Database - java.sql.SQLException: Can not issue empty query.
[DEBUG] 2018-10-17 15:42:30.315 [main] GenericDAO - Searching for Entity with lastname = %yang%
[ERROR] 2018-10-17 15:58:49.659 [main] Database - java.sql.SQLException: Can not issue empty query.
[DEBUG] 2018-10-17 15:58:52.491 [main] GenericDAO - Searching for Entity with lastname = %yang%
[ERROR] 2018-10-17 16:02:28.629 [main] Database - java.sql.SQLException: Can not issue empty query.
[DEBUG] 2018-10-17 16:02:31.619 [main] GenericDAO - Searching for entity with firstname = kia
[ERROR] 2018-10-17 16:02:53.271 [main] Database - java.sql.SQLException: Can not issue empty query.
[ERROR] 2018-10-17 16:02:56.253 [main] Database - java.sql.SQLException: Can not issue empty query.
[DEBUG] 2018-10-17 16:02:56.565 [main] GenericDAO - Get all rows from entity : [UserBean{id=1, username='kyang@hotmail.com', status='active', password='password1', firstname='kia', lastname='yang', suffix='s', dateofbirth=1973-08-05, address='123 main st', state='wi', zipcode='53533', phone='608-888-8788'}, UserBean{id=2, username='rtango@hotmail.com', status='active', password='password2', firstname='ram', lastname='tango', suffix='s', dateofbirth=1970-06-10, address='523 main st', state='wi', zipcode='53583', phone='608-999-8700'}, UserBean{id=3, username='mjones@hotmail.com', status='inactive', password='password3', firstname='mary', lastname='jones', suffix='s', dateofbirth=1974-09-18, address='766 main st', state='wi', zipcode='53590', phone='608-997-8755'}, UserBean{id=4, username='kterry@hotmail.com', status='inactive', password='password4', firstname='kerry', lastname='terry', suffix='s', dateofbirth=1977-05-08, address='339 main st', state='wi', zipcode='53599-5402', phone='608-997-8755'}, UserBean{id=5, username='shelm@hotmail.com', status='active', password='password2', firstname='stacy', lastname='helm', suffix='s', dateofbirth=1977-06-13, address='237 main st', state='wi', zipcode='77583', phone='608-999-8722'}]
[ERROR] 2018-10-17 16:02:56.597 [main] Database - java.sql.SQLException: Can not issue empty query.
[DEBUG] 2018-10-17 16:02:56.597 [main] GenericDAO - Searching for entity with firstname = kia
[ERROR] 2018-10-17 16:02:56.659 [main] Database - java.sql.SQLException: Can not issue empty query.
[DEBUG] 2018-10-17 16:02:56.659 [main] GenericDAO - Searching for Entity with lastname = %yang%
[ERROR] 2018-10-17 16:02:56.690 [main] Database - java.sql.SQLException: Can not issue empty query.
[ERROR] 2018-10-17 16:02:56.737 [main] Database - java.sql.SQLException: Can not issue empty query.
[ERROR] 2018-10-17 16:02:56.800 [main] Database - java.sql.SQLException: Can not issue empty query.
[ERROR] 2018-10-17 16:07:56.034 [main] Database - java.sql.SQLException: Can not issue empty query.
[ERROR] 2018-10-17 16:08:00.560 [main] Database - java.sql.SQLException: Can not issue empty query.
[DEBUG] 2018-10-17 16:08:00.856 [main] GenericDAO - Get all rows from entity : [UserBean{id=1, username='kyang@hotmail.com', status='active', password='password1', firstname='kia', lastname='yang', suffix='s', dateofbirth=1973-08-05, address='123 main st', state='wi', zipcode='53533', phone='608-888-8788'}, UserBean{id=2, username='rtango@hotmail.com', status='active', password='password2', firstname='ram', lastname='tango', suffix='s', dateofbirth=1970-06-10, address='523 main st', state='wi', zipcode='53583', phone='608-999-8700'}, UserBean{id=3, username='mjones@hotmail.com', status='inactive', password='password3', firstname='mary', lastname='jones', suffix='s', dateofbirth=1974-09-18, address='766 main st', state='wi', zipcode='53590', phone='608-997-8755'}, UserBean{id=4, username='kterry@hotmail.com', status='inactive', password='password4', firstname='kerry', lastname='terry', suffix='s', dateofbirth=1977-05-08, address='339 main st', state='wi', zipcode='53599-5402', phone='608-997-8755'}, UserBean{id=5, username='shelm@hotmail.com', status='active', password='password2', firstname='stacy', lastname='helm', suffix='s', dateofbirth=1977-06-13, address='237 main st', state='wi', zipcode='77583', phone='608-999-8722'}]
[ERROR] 2018-10-17 16:08:01.045 [main] Database - java.sql.SQLException: Can not issue empty query.
[DEBUG] 2018-10-17 16:08:01.060 [main] GenericDAO - Searching for entity with firstname = kia
[ERROR] 2018-10-17 16:08:01.138 [main] Database - java.sql.SQLException: Can not issue empty query.
[DEBUG] 2018-10-17 16:08:01.138 [main] GenericDAO - Searching for Entity with lastname = %yang%
[ERROR] 2018-10-17 16:08:01.185 [main] Database - java.sql.SQLException: Can not issue empty query.
[ERROR] 2018-10-17 16:08:01.232 [main] Database - java.sql.SQLException: Can not issue empty query.
[ERROR] 2018-10-17 16:08:01.310 [main] Database - java.sql.SQLException: Can not issue empty query.
